2025-11-06 11:52:26 | __main__ | WARNING | Fichier de config introuvable, on utilise des valeurs par défaut.
2025-11-06 11:52:26 | __main__ | INFO | Appel API Open-Meteo pour lat=48.8566, lon=2.3522
2025-11-06 11:52:27 | __main__ | INFO | 168 lignes récupérées depuis Open-Meteo
2025-11-06 11:52:27 | __main__ | INFO | Fichier sauvegardé en local : C:\Users\afoud\OneDrive\Documents\DIA3\ETL&Pipelines\data\raw\open_meteo_20251106T105227Z.csv
2025-11-06 11:52:27 | __main__ | INFO | Aucun bucket GCS configuré (GCS_BUCKET_NAME non défini), skip upload.
2025-11-06 12:08:35 | __main__ | INFO | Fetching data for Paris, France (48.8566, 2.3522)
2025-11-06 12:08:36 | __main__ | INFO | Fetching data for Berlin, Germany (52.52, 13.405)
2025-11-06 12:08:37 | __main__ | INFO | Fetching data for Madrid, Spain (40.4168, -3.7038)
2025-11-06 12:08:38 | __main__ | INFO | Fetching data for Rome, Italy (41.9028, 12.4964)
2025-11-06 12:08:38 | __main__ | INFO | Fetching data for Brussels, Belgium (50.8503, 4.3517)
2025-11-06 12:08:39 | __main__ | INFO | Fetching data for Amsterdam, Netherlands (52.3676, 4.9041)
2025-11-06 12:08:40 | __main__ | INFO | Fetching data for Lisbon, Portugal (38.7223, -9.1393)
2025-11-06 12:08:40 | __main__ | INFO | Fetching data for Bern, Switzerland (46.948, 7.4474)
2025-11-06 12:08:41 | __main__ | INFO | Fetching data for Vienna, Austria (48.2082, 16.3738)
2025-11-06 12:08:42 | __main__ | INFO | Fetching data for Stockholm, Sweden (59.3293, 18.0686)
2025-11-06 12:08:43 | __main__ | INFO | Fetching data for Oslo, Norway (59.9139, 10.7522)
2025-11-06 12:08:44 | __main__ | INFO | Fetching data for Helsinki, Finland (60.1699, 24.9384)
2025-11-06 12:08:44 | __main__ | INFO | Fetching data for Copenhagen, Denmark (55.6761, 12.5683)
2025-11-06 12:08:45 | __main__ | INFO | Fetching data for Dublin, Ireland (53.3498, -6.2603)
2025-11-06 12:08:45 | __main__ | INFO | Fetching data for Warsaw, Poland (52.2297, 21.0122)
2025-11-06 12:08:46 | __main__ | INFO | Fetching data for Prague, Czech Republic (50.0755, 14.4378)
2025-11-06 12:08:47 | __main__ | INFO | Fetching data for Budapest, Hungary (47.4979, 19.0402)
2025-11-06 12:08:47 | __main__ | INFO | Fetching data for Athens, Greece (37.9838, 23.7275)
2025-11-06 12:08:49 | __main__ | INFO | Fetching data for Bucharest, Romania (44.4268, 26.1025)
2025-11-06 12:08:50 | __main__ | INFO | Fetching data for Sofia, Bulgaria (42.6977, 23.3219)
2025-11-06 12:08:51 | __main__ | INFO | Fetching data for Zagreb, Croatia (45.815, 15.9819)
2025-11-06 12:08:51 | __main__ | INFO | Fetching data for Belgrade, Serbia (44.7866, 20.4489)
2025-11-06 12:08:52 | __main__ | INFO | Fetching data for Bratislava, Slovakia (48.1486, 17.1077)
2025-11-06 12:08:54 | __main__ | INFO | Fetching data for Ljubljana, Slovenia (46.0511, 14.5051)
2025-11-06 12:08:55 | __main__ | INFO | Fetching data for Luxembourg, Luxembourg (49.6116, 6.1319)
2025-11-06 12:08:55 | __main__ | INFO | Fetching data for Reykjavik, Iceland (64.1466, -21.9426)
2025-11-06 12:08:56 | __main__ | INFO | Fetching data for Tallinn, Estonia (59.437, 24.7536)
2025-11-06 12:08:57 | __main__ | INFO | Fetching data for Riga, Latvia (56.9496, 24.1052)
2025-11-06 12:08:57 | __main__ | INFO | Fetching data for Vilnius, Lithuania (54.6872, 25.2797)
2025-11-06 12:08:58 | __main__ | INFO | Fetching data for Valletta, Malta (35.8989, 14.5146)
2025-11-06 12:08:58 | __main__ | INFO | Fetching data for Nicosia, Cyprus (35.1856, 33.3823)
2025-11-06 12:08:59 | __main__ | INFO | Fichier Europe sauvegardé : C:\Users\afoud\OneDrive\Documents\DIA3\ETL&Pipelines\data\raw\open_meteo_europe_20251106T110859Z.csv
2025-11-06 12:22:00 | __main__ | INFO | [EXTRACT] Paris, France
2025-11-06 12:22:01 | __main__ | INFO | [EXTRACT] Berlin, Germany
2025-11-06 12:22:02 | __main__ | INFO | [EXTRACT] Madrid, Spain
2025-11-06 12:22:03 | __main__ | INFO | [EXTRACT] Rome, Italy
2025-11-06 12:22:04 | __main__ | INFO | [EXTRACT] Brussels, Belgium
2025-11-06 12:22:06 | __main__ | INFO | [EXTRACT] Amsterdam, Netherlands
2025-11-06 12:22:07 | __main__ | INFO | [EXTRACT] Lisbon, Portugal
2025-11-06 12:22:09 | __main__ | INFO | [EXTRACT] Bern, Switzerland
2025-11-06 12:22:10 | __main__ | INFO | [EXTRACT] Vienna, Austria
2025-11-06 12:22:11 | __main__ | INFO | [EXTRACT] Stockholm, Sweden
2025-11-06 12:22:12 | __main__ | INFO | [EXTRACT] Oslo, Norway
2025-11-06 12:22:13 | __main__ | INFO | [EXTRACT] Helsinki, Finland
2025-11-06 12:22:14 | __main__ | INFO | [EXTRACT] Copenhagen, Denmark
2025-11-06 12:22:16 | __main__ | INFO | [EXTRACT] Dublin, Ireland
2025-11-06 12:22:17 | __main__ | INFO | [EXTRACT] Warsaw, Poland
2025-11-06 12:22:18 | __main__ | INFO | [EXTRACT] Prague, Czech Republic
2025-11-06 12:22:19 | __main__ | INFO | [EXTRACT] Budapest, Hungary
2025-11-06 12:22:20 | __main__ | INFO | [EXTRACT] Athens, Greece
2025-11-06 12:22:21 | __main__ | INFO | [EXTRACT] Bucharest, Romania
2025-11-06 12:22:22 | __main__ | INFO | [EXTRACT] Sofia, Bulgaria
2025-11-06 12:22:23 | __main__ | INFO | [EXTRACT] Zagreb, Croatia
2025-11-06 12:22:24 | __main__ | INFO | [EXTRACT] Belgrade, Serbia
2025-11-06 12:22:26 | __main__ | INFO | [EXTRACT] Bratislava, Slovakia
2025-11-06 12:22:27 | __main__ | INFO | [EXTRACT] Ljubljana, Slovenia
2025-11-06 12:22:28 | __main__ | INFO | [EXTRACT] Luxembourg, Luxembourg
2025-11-06 12:22:29 | __main__ | INFO | [EXTRACT] Reykjavik, Iceland
2025-11-06 12:22:30 | __main__ | INFO | [EXTRACT] Tallinn, Estonia
2025-11-06 12:22:31 | __main__ | INFO | [EXTRACT] Riga, Latvia
2025-11-06 12:22:32 | __main__ | INFO | [EXTRACT] Vilnius, Lithuania
2025-11-06 12:22:34 | __main__ | INFO | [EXTRACT] Valletta, Malta
2025-11-06 12:22:35 | __main__ | INFO | [EXTRACT] Nicosia, Cyprus
2025-11-06 12:22:36 | __main__ | INFO | Fichier météo + pollution sauvegardé : C:\Users\afoud\OneDrive\Documents\DIA3\ETL&Pipelines\data\raw\open_meteo_europe_weather_pollution_20251106T112236Z.csv
2025-11-06 12:55:14 | __main__ | INFO | [CITY] Paris, France
2025-11-06 12:55:14 | __main__ | INFO |   > période 2022-11-01 -> 2022-11-30
2025-11-06 12:55:16 | __main__ | INFO |   > période 2022-12-01 -> 2022-12-31
2025-11-06 12:55:17 | __main__ | INFO |   > période 2023-01-01 -> 2023-01-31
2025-11-06 12:55:19 | __main__ | INFO |   > période 2023-02-01 -> 2023-02-28
2025-11-06 12:55:20 | __main__ | INFO |   > période 2023-03-01 -> 2023-03-31
2025-11-06 12:55:22 | __main__ | INFO |   > période 2023-04-01 -> 2023-04-30
2025-11-06 12:55:23 | __main__ | INFO |   > période 2023-05-01 -> 2023-05-31
2025-11-06 12:55:25 | __main__ | INFO |   > période 2023-06-01 -> 2023-06-30
2025-11-06 12:55:27 | __main__ | INFO |   > période 2023-07-01 -> 2023-07-31
2025-11-06 12:55:29 | __main__ | INFO |   > période 2023-08-01 -> 2023-08-31
2025-11-06 12:55:30 | __main__ | INFO |   > période 2023-09-01 -> 2023-09-30
2025-11-06 12:55:31 | __main__ | INFO |   > période 2023-10-01 -> 2023-10-31
2025-11-06 12:55:33 | __main__ | INFO |   > période 2023-11-01 -> 2023-11-30
2025-11-06 12:55:34 | __main__ | INFO |   > période 2023-12-01 -> 2023-12-31
2025-11-06 12:55:35 | __main__ | INFO |   > période 2024-01-01 -> 2024-01-31
2025-11-06 12:55:37 | __main__ | INFO |   > période 2024-02-01 -> 2024-02-29
2025-11-06 12:55:39 | __main__ | INFO |   > période 2024-03-01 -> 2024-03-31
2025-11-06 12:55:41 | __main__ | INFO |   > période 2024-04-01 -> 2024-04-30
2025-11-06 12:55:42 | __main__ | INFO |   > période 2024-05-01 -> 2024-05-31
2025-11-06 12:55:44 | __main__ | INFO |   > période 2024-06-01 -> 2024-06-30
2025-11-06 12:55:45 | __main__ | INFO |   > période 2024-07-01 -> 2024-07-31
2025-11-06 12:55:48 | __main__ | INFO |   > période 2024-08-01 -> 2024-08-31
2025-11-06 12:55:49 | __main__ | INFO |   > période 2024-09-01 -> 2024-09-30
2025-11-06 12:55:51 | __main__ | INFO |   > période 2024-10-01 -> 2024-10-31
2025-11-06 12:55:53 | __main__ | INFO |   > période 2024-11-01 -> 2024-11-30
2025-11-06 12:55:55 | __main__ | INFO |   > période 2024-12-01 -> 2024-12-31
2025-11-06 12:55:57 | __main__ | INFO |   > période 2025-01-01 -> 2025-01-31
2025-11-06 12:55:58 | __main__ | INFO |   > période 2025-02-01 -> 2025-02-28
2025-11-06 12:56:00 | __main__ | INFO |   > période 2025-03-01 -> 2025-03-31
2025-11-06 12:56:02 | __main__ | INFO |   > période 2025-04-01 -> 2025-04-30
2025-11-06 12:56:04 | __main__ | INFO |   > période 2025-05-01 -> 2025-05-31
2025-11-06 12:56:05 | __main__ | INFO |   > période 2025-06-01 -> 2025-06-30
2025-11-06 12:56:07 | __main__ | INFO |   > période 2025-07-01 -> 2025-07-31
2025-11-06 12:56:08 | __main__ | INFO |   > période 2025-08-01 -> 2025-08-31
2025-11-06 12:56:11 | __main__ | INFO |   > période 2025-09-01 -> 2025-09-30
2025-11-06 12:56:12 | __main__ | INFO |   > période 2025-10-01 -> 2025-10-31
2025-11-06 12:56:14 | __main__ | INFO |   > période 2025-11-01 -> 2025-11-06
2025-11-06 12:56:15 | __main__ | INFO | [CITY] Berlin, Germany
2025-11-06 12:56:15 | __main__ | INFO |   > période 2022-11-01 -> 2022-11-30
2025-11-06 12:56:16 | __main__ | INFO |   > période 2022-12-01 -> 2022-12-31
2025-11-06 12:56:18 | __main__ | INFO |   > période 2023-01-01 -> 2023-01-31
2025-11-06 12:56:19 | __main__ | INFO |   > période 2023-02-01 -> 2023-02-28
2025-11-06 12:56:22 | __main__ | INFO |   > période 2023-03-01 -> 2023-03-31
2025-11-06 12:56:24 | __main__ | INFO |   > période 2023-04-01 -> 2023-04-30
2025-11-06 12:56:25 | __main__ | INFO |   > période 2023-05-01 -> 2023-05-31
2025-11-06 12:56:27 | __main__ | INFO |   > période 2023-06-01 -> 2023-06-30
2025-11-06 12:56:29 | __main__ | INFO |   > période 2023-07-01 -> 2023-07-31
2025-11-06 12:56:30 | __main__ | INFO |   > période 2023-08-01 -> 2023-08-31
2025-11-06 12:56:32 | __main__ | INFO |   > période 2023-09-01 -> 2023-09-30
2025-11-06 12:56:34 | __main__ | INFO |   > période 2023-10-01 -> 2023-10-31
2025-11-06 12:56:36 | __main__ | INFO |   > période 2023-11-01 -> 2023-11-30
2025-11-06 12:56:37 | __main__ | INFO |   > période 2023-12-01 -> 2023-12-31
2025-11-06 12:56:38 | __main__ | INFO |   > période 2024-01-01 -> 2024-01-31
2025-11-06 12:56:40 | __main__ | INFO |   > période 2024-02-01 -> 2024-02-29
2025-11-06 12:56:42 | __main__ | INFO |   > période 2024-03-01 -> 2024-03-31
2025-11-06 12:56:43 | __main__ | INFO |   > période 2024-04-01 -> 2024-04-30
2025-11-06 12:56:45 | __main__ | INFO |   > période 2024-05-01 -> 2024-05-31
2025-11-06 12:56:48 | __main__ | INFO |   > période 2024-06-01 -> 2024-06-30
2025-11-06 12:56:49 | __main__ | INFO |   > période 2024-07-01 -> 2024-07-31
2025-11-06 12:56:51 | __main__ | INFO |   > période 2024-08-01 -> 2024-08-31
2025-11-06 12:56:53 | __main__ | INFO |   > période 2024-09-01 -> 2024-09-30
2025-11-06 12:56:55 | __main__ | INFO |   > période 2024-10-01 -> 2024-10-31
2025-11-06 12:56:56 | __main__ | INFO |   > période 2024-11-01 -> 2024-11-30
2025-11-06 12:56:58 | __main__ | INFO |   > période 2024-12-01 -> 2024-12-31
2025-11-06 12:57:00 | __main__ | INFO |   > période 2025-01-01 -> 2025-01-31
2025-11-06 12:57:01 | __main__ | INFO |   > période 2025-02-01 -> 2025-02-28
2025-11-06 12:57:03 | __main__ | INFO |   > période 2025-03-01 -> 2025-03-31
2025-11-06 12:57:04 | __main__ | INFO |   > période 2025-04-01 -> 2025-04-30
2025-11-06 12:57:06 | __main__ | INFO |   > période 2025-05-01 -> 2025-05-31
2025-11-06 12:57:07 | __main__ | INFO |   > période 2025-06-01 -> 2025-06-30
2025-11-06 12:57:08 | __main__ | INFO |   > période 2025-07-01 -> 2025-07-31
2025-11-06 12:57:10 | __main__ | INFO |   > période 2025-08-01 -> 2025-08-31
2025-11-06 12:57:11 | __main__ | INFO |   > période 2025-09-01 -> 2025-09-30
2025-11-06 12:57:13 | __main__ | INFO |   > période 2025-10-01 -> 2025-10-31
2025-11-06 12:57:14 | __main__ | INFO |   > période 2025-11-01 -> 2025-11-06
2025-11-06 12:57:16 | __main__ | INFO | [CITY] Madrid, Spain
2025-11-06 12:57:16 | __main__ | INFO |   > période 2022-11-01 -> 2022-11-30
2025-11-06 12:57:18 | __main__ | INFO |   > période 2022-12-01 -> 2022-12-31
2025-11-06 12:57:19 | __main__ | INFO |   > période 2023-01-01 -> 2023-01-31
2025-11-06 12:57:20 | __main__ | INFO |   > période 2023-02-01 -> 2023-02-28
2025-11-06 12:57:22 | __main__ | INFO |   > période 2023-03-01 -> 2023-03-31
2025-11-06 12:57:23 | __main__ | INFO |   > période 2023-04-01 -> 2023-04-30
2025-11-06 12:57:25 | __main__ | INFO |   > période 2023-05-01 -> 2023-05-31
2025-11-06 12:57:26 | __main__ | INFO |   > période 2023-06-01 -> 2023-06-30
2025-11-06 12:57:28 | __main__ | INFO |   > période 2023-07-01 -> 2023-07-31
2025-11-06 12:57:29 | __main__ | INFO |   > période 2023-08-01 -> 2023-08-31
2025-11-06 12:57:31 | __main__ | INFO |   > période 2023-09-01 -> 2023-09-30
2025-11-06 12:57:33 | __main__ | INFO |   > période 2023-10-01 -> 2023-10-31
2025-11-06 12:57:35 | __main__ | INFO |   > période 2023-11-01 -> 2023-11-30
2025-11-06 12:57:37 | __main__ | INFO |   > période 2023-12-01 -> 2023-12-31
2025-11-06 12:57:38 | __main__ | INFO |   > période 2024-01-01 -> 2024-01-31
2025-11-06 12:57:39 | __main__ | INFO |   > période 2024-02-01 -> 2024-02-29
2025-11-06 12:57:41 | __main__ | INFO |   > période 2024-03-01 -> 2024-03-31
2025-11-06 12:57:42 | __main__ | INFO |   > période 2024-04-01 -> 2024-04-30
2025-11-06 12:57:44 | __main__ | INFO |   > période 2024-05-01 -> 2024-05-31
2025-11-06 12:57:46 | __main__ | INFO |   > période 2024-06-01 -> 2024-06-30
2025-11-06 12:57:47 | __main__ | INFO |   > période 2024-07-01 -> 2024-07-31
2025-11-06 12:57:48 | __main__ | INFO |   > période 2024-08-01 -> 2024-08-31
2025-11-06 12:57:50 | __main__ | INFO |   > période 2024-09-01 -> 2024-09-30
2025-11-06 12:57:52 | __main__ | INFO |   > période 2024-10-01 -> 2024-10-31
2025-11-06 12:57:54 | __main__ | INFO |   > période 2024-11-01 -> 2024-11-30
2025-11-06 12:57:55 | __main__ | INFO |   > période 2024-12-01 -> 2024-12-31
2025-11-06 12:57:57 | __main__ | INFO |   > période 2025-01-01 -> 2025-01-31
2025-11-06 12:57:59 | __main__ | INFO |   > période 2025-02-01 -> 2025-02-28
2025-11-06 12:58:00 | __main__ | INFO |   > période 2025-03-01 -> 2025-03-31
2025-11-06 12:58:02 | __main__ | INFO |   > période 2025-04-01 -> 2025-04-30
2025-11-06 12:58:04 | __main__ | INFO |   > période 2025-05-01 -> 2025-05-31
2025-11-06 12:58:06 | __main__ | INFO |   > période 2025-06-01 -> 2025-06-30
2025-11-06 12:58:07 | __main__ | INFO |   > période 2025-07-01 -> 2025-07-31
2025-11-06 12:58:09 | __main__ | INFO |   > période 2025-08-01 -> 2025-08-31
2025-11-06 12:58:10 | __main__ | INFO |   > période 2025-09-01 -> 2025-09-30
2025-11-06 12:58:12 | __main__ | INFO |   > période 2025-10-01 -> 2025-10-31
2025-11-06 12:58:13 | __main__ | INFO |   > période 2025-11-01 -> 2025-11-06
2025-11-06 12:58:14 | __main__ | INFO | [CITY] Rome, Italy
2025-11-06 12:58:14 | __main__ | INFO |   > période 2022-11-01 -> 2022-11-30
2025-11-06 12:58:15 | __main__ | INFO |   > période 2022-12-01 -> 2022-12-31
2025-11-06 12:58:17 | __main__ | INFO |   > période 2023-01-01 -> 2023-01-31
2025-11-06 12:58:19 | __main__ | INFO |   > période 2023-02-01 -> 2023-02-28
2025-11-06 12:58:20 | __main__ | INFO |   > période 2023-03-01 -> 2023-03-31
2025-11-06 12:58:21 | __main__ | INFO |   > période 2023-04-01 -> 2023-04-30
2025-11-06 12:58:23 | __main__ | INFO |   > période 2023-05-01 -> 2023-05-31
2025-11-06 12:58:25 | __main__ | INFO |   > période 2023-06-01 -> 2023-06-30
2025-11-06 12:58:26 | __main__ | INFO |   > période 2023-07-01 -> 2023-07-31
2025-11-06 12:58:28 | __main__ | INFO |   > période 2023-08-01 -> 2023-08-31
2025-11-06 12:58:29 | __main__ | INFO |   > période 2023-09-01 -> 2023-09-30
2025-11-06 12:58:31 | __main__ | INFO |   > période 2023-10-01 -> 2023-10-31
2025-11-06 12:58:32 | __main__ | INFO |   > période 2023-11-01 -> 2023-11-30
2025-11-06 12:58:34 | __main__ | INFO |   > période 2023-12-01 -> 2023-12-31
2025-11-06 12:58:36 | __main__ | INFO |   > période 2024-01-01 -> 2024-01-31
2025-11-06 12:58:37 | __main__ | INFO |   > période 2024-02-01 -> 2024-02-29
2025-11-06 12:58:38 | __main__ | INFO |   > période 2024-03-01 -> 2024-03-31
2025-11-06 12:58:39 | __main__ | INFO |   > période 2024-04-01 -> 2024-04-30
2025-11-06 12:58:41 | __main__ | INFO |   > période 2024-05-01 -> 2024-05-31
2025-11-06 12:58:43 | __main__ | INFO |   > période 2024-06-01 -> 2024-06-30
2025-11-06 12:58:44 | __main__ | INFO |   > période 2024-07-01 -> 2024-07-31
2025-11-06 12:58:46 | __main__ | INFO |   > période 2024-08-01 -> 2024-08-31
2025-11-06 12:58:48 | __main__ | INFO |   > période 2024-09-01 -> 2024-09-30
2025-11-06 12:58:49 | __main__ | INFO |   > période 2024-10-01 -> 2024-10-31
2025-11-06 12:58:51 | __main__ | INFO |   > période 2024-11-01 -> 2024-11-30
2025-11-06 12:58:52 | __main__ | INFO |   > période 2024-12-01 -> 2024-12-31
2025-11-06 12:58:54 | __main__ | INFO |   > période 2025-01-01 -> 2025-01-31
2025-11-06 12:58:55 | __main__ | INFO |   > période 2025-02-01 -> 2025-02-28
2025-11-06 12:58:56 | __main__ | INFO |   > période 2025-03-01 -> 2025-03-31
2025-11-06 12:58:58 | __main__ | INFO |   > période 2025-04-01 -> 2025-04-30
2025-11-06 12:59:00 | __main__ | INFO |   > période 2025-05-01 -> 2025-05-31
2025-11-06 12:59:01 | __main__ | INFO |   > période 2025-06-01 -> 2025-06-30
2025-11-06 12:59:03 | __main__ | INFO |   > période 2025-07-01 -> 2025-07-31
2025-11-06 12:59:04 | __main__ | INFO |   > période 2025-08-01 -> 2025-08-31
2025-11-06 12:59:05 | __main__ | INFO |   > période 2025-09-01 -> 2025-09-30
2025-11-06 12:59:07 | __main__ | INFO |   > période 2025-10-01 -> 2025-10-31
2025-11-06 12:59:08 | __main__ | INFO |   > période 2025-11-01 -> 2025-11-06
2025-11-06 12:59:09 | __main__ | INFO | [CITY] Brussels, Belgium
2025-11-06 12:59:09 | __main__ | INFO |   > période 2022-11-01 -> 2022-11-30
2025-11-06 12:59:11 | __main__ | INFO |   > période 2022-12-01 -> 2022-12-31
2025-11-06 12:59:13 | __main__ | INFO |   > période 2023-01-01 -> 2023-01-31
2025-11-06 12:59:14 | __main__ | INFO |   > période 2023-02-01 -> 2023-02-28
2025-11-06 12:59:15 | __main__ | INFO |   > période 2023-03-01 -> 2023-03-31
2025-11-06 12:59:17 | __main__ | INFO |   > période 2023-04-01 -> 2023-04-30
2025-11-06 12:59:19 | __main__ | INFO |   > période 2023-05-01 -> 2023-05-31
2025-11-06 12:59:20 | __main__ | INFO |   > période 2023-06-01 -> 2023-06-30
2025-11-06 12:59:21 | __main__ | INFO |   > période 2023-07-01 -> 2023-07-31
2025-11-06 12:59:22 | __main__ | INFO |   > période 2023-08-01 -> 2023-08-31
2025-11-06 12:59:24 | __main__ | INFO |   > période 2023-09-01 -> 2023-09-30
2025-11-06 12:59:25 | __main__ | INFO |   > période 2023-10-01 -> 2023-10-31
2025-11-06 12:59:26 | __main__ | INFO |   > période 2023-11-01 -> 2023-11-30
2025-11-06 12:59:29 | __main__ | INFO |   > période 2023-12-01 -> 2023-12-31
2025-11-06 12:59:31 | __main__ | INFO |   > période 2024-01-01 -> 2024-01-31
2025-11-06 12:59:32 | __main__ | INFO |   > période 2024-02-01 -> 2024-02-29
2025-11-06 12:59:33 | __main__ | INFO |   > période 2024-03-01 -> 2024-03-31
2025-11-06 12:59:35 | __main__ | INFO |   > période 2024-04-01 -> 2024-04-30
2025-11-06 12:59:36 | __main__ | INFO |   > période 2024-05-01 -> 2024-05-31
2025-11-06 12:59:38 | __main__ | INFO |   > période 2024-06-01 -> 2024-06-30
2025-11-06 12:59:39 | __main__ | INFO |   > période 2024-07-01 -> 2024-07-31
2025-11-06 12:59:41 | __main__ | INFO |   > période 2024-08-01 -> 2024-08-31
2025-11-06 12:59:42 | __main__ | INFO |   > période 2024-09-01 -> 2024-09-30
2025-11-06 12:59:44 | __main__ | INFO |   > période 2024-10-01 -> 2024-10-31
2025-11-06 12:59:45 | __main__ | INFO |   > période 2024-11-01 -> 2024-11-30
2025-11-06 12:59:46 | __main__ | INFO |   > période 2024-12-01 -> 2024-12-31
2025-11-06 12:59:48 | __main__ | INFO |   > période 2025-01-01 -> 2025-01-31
2025-11-06 12:59:49 | __main__ | INFO |   > période 2025-02-01 -> 2025-02-28
2025-11-06 12:59:51 | __main__ | INFO |   > période 2025-03-01 -> 2025-03-31
2025-11-06 12:59:52 | __main__ | INFO |   > période 2025-04-01 -> 2025-04-30
2025-11-06 12:59:54 | __main__ | INFO |   > période 2025-05-01 -> 2025-05-31
2025-11-06 12:59:55 | __main__ | INFO |   > période 2025-06-01 -> 2025-06-30
2025-11-06 12:59:56 | __main__ | INFO |   > période 2025-07-01 -> 2025-07-31
2025-11-06 12:59:58 | __main__ | INFO |   > période 2025-08-01 -> 2025-08-31
2025-11-06 12:59:59 | __main__ | INFO |   > période 2025-09-01 -> 2025-09-30
2025-11-06 13:00:00 | __main__ | INFO |   > période 2025-10-01 -> 2025-10-31
2025-11-06 13:00:04 | __main__ | INFO |   > période 2025-11-01 -> 2025-11-06
2025-11-06 13:00:05 | __main__ | INFO | [CITY] Amsterdam, Netherlands
2025-11-06 13:00:05 | __main__ | INFO |   > période 2022-11-01 -> 2022-11-30
2025-11-06 13:00:07 | __main__ | INFO |   > période 2022-12-01 -> 2022-12-31
2025-11-06 13:00:08 | __main__ | INFO |   > période 2023-01-01 -> 2023-01-31
2025-11-06 13:00:13 | __main__ | INFO |   > période 2023-02-01 -> 2023-02-28
2025-11-06 13:00:15 | __main__ | INFO |   > période 2023-03-01 -> 2023-03-31
2025-11-06 13:00:17 | __main__ | INFO |   > période 2023-04-01 -> 2023-04-30
2025-11-06 13:00:19 | __main__ | INFO |   > période 2023-05-01 -> 2023-05-31
2025-11-06 13:00:21 | __main__ | INFO |   > période 2023-06-01 -> 2023-06-30
2025-11-06 13:00:22 | __main__ | INFO |   > période 2023-07-01 -> 2023-07-31
2025-11-06 13:00:24 | __main__ | INFO |   > période 2023-08-01 -> 2023-08-31
2025-11-06 13:00:27 | __main__ | INFO |   > période 2023-09-01 -> 2023-09-30
2025-11-06 13:00:29 | __main__ | INFO |   > période 2023-10-01 -> 2023-10-31
2025-11-06 13:00:30 | __main__ | INFO |   > période 2023-11-01 -> 2023-11-30
2025-11-06 13:00:31 | __main__ | INFO |   > période 2023-12-01 -> 2023-12-31
2025-11-06 13:00:41 | __main__ | ERROR | Erreur Amsterdam 2023-12-01 -> 2023-12-31: ('Connection aborted.', ConnectionResetError(10054, 'Une connexion existante a dû être fermée par l’hôte distant', None, 10054, None))
2025-11-06 13:00:41 | __main__ | INFO |   > période 2024-01-01 -> 2024-01-31
2025-11-06 13:00:43 | __main__ | INFO |   > période 2024-02-01 -> 2024-02-29
2025-11-06 13:00:44 | __main__ | INFO |   > période 2024-03-01 -> 2024-03-31
2025-11-06 13:00:45 | __main__ | INFO |   > période 2024-04-01 -> 2024-04-30
2025-11-06 13:00:46 | __main__ | INFO |   > période 2024-05-01 -> 2024-05-31
2025-11-06 13:00:48 | __main__ | INFO |   > période 2024-06-01 -> 2024-06-30
2025-11-06 13:00:50 | __main__ | INFO |   > période 2024-07-01 -> 2024-07-31
2025-11-06 13:00:51 | __main__ | INFO |   > période 2024-08-01 -> 2024-08-31
2025-11-06 13:00:53 | __main__ | INFO |   > période 2024-09-01 -> 2024-09-30
2025-11-06 13:00:54 | __main__ | INFO |   > période 2024-10-01 -> 2024-10-31
2025-11-06 13:00:55 | __main__ | INFO |   > période 2024-11-01 -> 2024-11-30
2025-11-06 13:00:57 | __main__ | INFO |   > période 2024-12-01 -> 2024-12-31
2025-11-06 13:00:59 | __main__ | INFO |   > période 2025-01-01 -> 2025-01-31
2025-11-06 13:01:01 | __main__ | INFO |   > période 2025-02-01 -> 2025-02-28
2025-11-06 13:01:02 | __main__ | INFO |   > période 2025-03-01 -> 2025-03-31
2025-11-06 13:01:04 | __main__ | INFO |   > période 2025-04-01 -> 2025-04-30
2025-11-06 13:01:05 | __main__ | INFO |   > période 2025-05-01 -> 2025-05-31
2025-11-06 13:01:07 | __main__ | INFO |   > période 2025-06-01 -> 2025-06-30
2025-11-06 13:01:08 | __main__ | INFO |   > période 2025-07-01 -> 2025-07-31
2025-11-06 13:01:09 | __main__ | INFO |   > période 2025-08-01 -> 2025-08-31
2025-11-06 13:01:11 | __main__ | INFO |   > période 2025-09-01 -> 2025-09-30
2025-11-06 13:01:13 | __main__ | INFO |   > période 2025-10-01 -> 2025-10-31
2025-11-06 13:01:14 | __main__ | INFO |   > période 2025-11-01 -> 2025-11-06
2025-11-06 13:01:16 | __main__ | INFO | [CITY] Lisbon, Portugal
2025-11-06 13:01:16 | __main__ | INFO |   > période 2022-11-01 -> 2022-11-30
2025-11-06 13:01:18 | __main__ | INFO |   > période 2022-12-01 -> 2022-12-31
2025-11-06 13:01:20 | __main__ | INFO |   > période 2023-01-01 -> 2023-01-31
2025-11-06 13:01:21 | __main__ | INFO |   > période 2023-02-01 -> 2023-02-28
2025-11-06 13:01:23 | __main__ | INFO |   > période 2023-03-01 -> 2023-03-31
2025-11-06 13:01:25 | __main__ | INFO |   > période 2023-04-01 -> 2023-04-30
2025-11-06 13:01:27 | __main__ | INFO |   > période 2023-05-01 -> 2023-05-31
2025-11-06 13:01:28 | __main__ | INFO |   > période 2023-06-01 -> 2023-06-30
2025-11-06 13:01:29 | __main__ | INFO |   > période 2023-07-01 -> 2023-07-31
2025-11-06 13:01:31 | __main__ | INFO |   > période 2023-08-01 -> 2023-08-31
2025-11-06 13:01:32 | __main__ | INFO |   > période 2023-09-01 -> 2023-09-30
2025-11-06 13:01:34 | __main__ | INFO |   > période 2023-10-01 -> 2023-10-31
2025-11-06 13:01:36 | __main__ | INFO |   > période 2023-11-01 -> 2023-11-30
2025-11-06 13:01:38 | __main__ | INFO |   > période 2023-12-01 -> 2023-12-31
2025-11-06 13:01:39 | __main__ | INFO |   > période 2024-01-01 -> 2024-01-31
2025-11-06 13:01:40 | __main__ | INFO |   > période 2024-02-01 -> 2024-02-29
2025-11-06 13:01:41 | __main__ | INFO |   > période 2024-03-01 -> 2024-03-31
2025-11-06 13:01:43 | __main__ | INFO |   > période 2024-04-01 -> 2024-04-30
2025-11-06 13:01:44 | __main__ | INFO |   > période 2024-05-01 -> 2024-05-31
2025-11-06 13:01:45 | __main__ | INFO |   > période 2024-06-01 -> 2024-06-30
2025-11-06 13:01:48 | __main__ | INFO |   > période 2024-07-01 -> 2024-07-31
2025-11-06 13:01:50 | __main__ | INFO |   > période 2024-08-01 -> 2024-08-31
2025-11-06 13:01:52 | __main__ | INFO |   > période 2024-09-01 -> 2024-09-30
2025-11-06 13:01:53 | __main__ | INFO |   > période 2024-10-01 -> 2024-10-31
2025-11-06 13:01:55 | __main__ | INFO |   > période 2024-11-01 -> 2024-11-30
2025-11-06 13:01:57 | __main__ | INFO |   > période 2024-12-01 -> 2024-12-31
2025-11-06 13:01:59 | __main__ | INFO |   > période 2025-01-01 -> 2025-01-31
2025-11-06 13:02:00 | __main__ | INFO |   > période 2025-02-01 -> 2025-02-28
2025-11-06 13:02:01 | __main__ | INFO |   > période 2025-03-01 -> 2025-03-31
2025-11-06 13:02:03 | __main__ | INFO |   > période 2025-04-01 -> 2025-04-30
2025-11-06 13:02:04 | __main__ | INFO |   > période 2025-05-01 -> 2025-05-31
2025-11-06 13:02:06 | __main__ | INFO |   > période 2025-06-01 -> 2025-06-30
2025-11-06 13:02:08 | __main__ | INFO |   > période 2025-07-01 -> 2025-07-31
2025-11-06 13:02:10 | __main__ | INFO |   > période 2025-08-01 -> 2025-08-31
2025-11-06 13:02:11 | __main__ | INFO |   > période 2025-09-01 -> 2025-09-30
2025-11-06 13:02:13 | __main__ | INFO |   > période 2025-10-01 -> 2025-10-31
2025-11-06 13:02:15 | __main__ | INFO |   > période 2025-11-01 -> 2025-11-06
2025-11-06 13:02:16 | __main__ | INFO | [CITY] Bern, Switzerland
2025-11-06 13:02:16 | __main__ | INFO |   > période 2022-11-01 -> 2022-11-30
2025-11-06 13:02:18 | __main__ | INFO |   > période 2022-12-01 -> 2022-12-31
2025-11-06 13:02:20 | __main__ | INFO |   > période 2023-01-01 -> 2023-01-31
2025-11-06 13:02:21 | __main__ | INFO |   > période 2023-02-01 -> 2023-02-28
2025-11-06 13:02:22 | __main__ | INFO |   > période 2023-03-01 -> 2023-03-31
2025-11-06 13:02:23 | __main__ | INFO |   > période 2023-04-01 -> 2023-04-30
2025-11-06 13:02:25 | __main__ | INFO |   > période 2023-05-01 -> 2023-05-31
2025-11-06 13:02:26 | __main__ | INFO |   > période 2023-06-01 -> 2023-06-30
2025-11-06 13:02:28 | __main__ | INFO |   > période 2023-07-01 -> 2023-07-31
2025-11-06 13:02:29 | __main__ | INFO |   > période 2023-08-01 -> 2023-08-31
2025-11-06 13:02:30 | __main__ | INFO |   > période 2023-09-01 -> 2023-09-30
2025-11-06 13:02:31 | __main__ | INFO |   > période 2023-10-01 -> 2023-10-31
2025-11-06 13:02:33 | __main__ | INFO |   > période 2023-11-01 -> 2023-11-30
2025-11-06 13:02:34 | __main__ | INFO |   > période 2023-12-01 -> 2023-12-31
2025-11-06 13:02:35 | __main__ | INFO |   > période 2024-01-01 -> 2024-01-31
2025-11-06 13:02:36 | __main__ | INFO |   > période 2024-02-01 -> 2024-02-29
2025-11-06 13:02:38 | __main__ | INFO |   > période 2024-03-01 -> 2024-03-31
2025-11-06 13:02:40 | __main__ | INFO |   > période 2024-04-01 -> 2024-04-30
2025-11-06 13:02:41 | __main__ | INFO |   > période 2024-05-01 -> 2024-05-31
2025-11-06 13:02:43 | __main__ | INFO |   > période 2024-06-01 -> 2024-06-30
2025-11-06 13:02:45 | __main__ | INFO |   > période 2024-07-01 -> 2024-07-31
2025-11-06 13:02:46 | __main__ | INFO |   > période 2024-08-01 -> 2024-08-31
2025-11-06 13:02:47 | __main__ | INFO |   > période 2024-09-01 -> 2024-09-30
2025-11-06 13:02:48 | __main__ | INFO |   > période 2024-10-01 -> 2024-10-31
2025-11-06 13:02:50 | __main__ | INFO |   > période 2024-11-01 -> 2024-11-30
2025-11-06 13:02:52 | __main__ | INFO |   > période 2024-12-01 -> 2024-12-31
2025-11-06 13:02:53 | __main__ | INFO |   > période 2025-01-01 -> 2025-01-31
2025-11-06 13:02:55 | __main__ | INFO |   > période 2025-02-01 -> 2025-02-28
2025-11-06 13:02:56 | __main__ | INFO |   > période 2025-03-01 -> 2025-03-31
2025-11-06 13:02:58 | __main__ | INFO |   > période 2025-04-01 -> 2025-04-30
2025-11-06 13:02:59 | __main__ | INFO |   > période 2025-05-01 -> 2025-05-31
2025-11-06 13:03:01 | __main__ | INFO |   > période 2025-06-01 -> 2025-06-30
2025-11-06 13:03:02 | __main__ | INFO |   > période 2025-07-01 -> 2025-07-31
2025-11-06 13:03:04 | __main__ | INFO |   > période 2025-08-01 -> 2025-08-31
2025-11-06 13:03:05 | __main__ | INFO |   > période 2025-09-01 -> 2025-09-30
2025-11-06 13:03:06 | __main__ | INFO |   > période 2025-10-01 -> 2025-10-31
2025-11-06 13:03:07 | __main__ | INFO |   > période 2025-11-01 -> 2025-11-06
2025-11-06 13:03:09 | __main__ | INFO | [CITY] Vienna, Austria
2025-11-06 13:03:09 | __main__ | INFO |   > période 2022-11-01 -> 2022-11-30
2025-11-06 13:03:10 | __main__ | INFO |   > période 2022-12-01 -> 2022-12-31
2025-11-06 13:03:11 | __main__ | INFO |   > période 2023-01-01 -> 2023-01-31
2025-11-06 13:03:13 | __main__ | INFO |   > période 2023-02-01 -> 2023-02-28
2025-11-06 13:03:14 | __main__ | INFO |   > période 2023-03-01 -> 2023-03-31
2025-11-06 13:03:15 | __main__ | INFO |   > période 2023-04-01 -> 2023-04-30
2025-11-06 13:03:17 | __main__ | INFO |   > période 2023-05-01 -> 2023-05-31
2025-11-06 13:03:18 | __main__ | INFO |   > période 2023-06-01 -> 2023-06-30
2025-11-06 13:03:20 | __main__ | INFO |   > période 2023-07-01 -> 2023-07-31
2025-11-06 13:03:21 | __main__ | INFO |   > période 2023-08-01 -> 2023-08-31
2025-11-06 13:03:23 | __main__ | INFO |   > période 2023-09-01 -> 2023-09-30
2025-11-06 13:03:25 | __main__ | INFO |   > période 2023-10-01 -> 2023-10-31
2025-11-06 13:03:26 | __main__ | INFO |   > période 2023-11-01 -> 2023-11-30
2025-11-06 13:03:28 | __main__ | INFO |   > période 2023-12-01 -> 2023-12-31
2025-11-06 13:03:29 | __main__ | INFO |   > période 2024-01-01 -> 2024-01-31
2025-11-06 13:03:30 | __main__ | INFO |   > période 2024-02-01 -> 2024-02-29
2025-11-06 13:03:32 | __main__ | INFO |   > période 2024-03-01 -> 2024-03-31
2025-11-06 13:03:33 | __main__ | INFO |   > période 2024-04-01 -> 2024-04-30
2025-11-06 13:03:34 | __main__ | INFO |   > période 2024-05-01 -> 2024-05-31
2025-11-06 13:03:35 | __main__ | INFO |   > période 2024-06-01 -> 2024-06-30
2025-11-06 13:03:37 | __main__ | INFO |   > période 2024-07-01 -> 2024-07-31
2025-11-06 13:03:38 | __main__ | INFO |   > période 2024-08-01 -> 2024-08-31
2025-11-06 13:03:39 | __main__ | INFO |   > période 2024-09-01 -> 2024-09-30
2025-11-06 13:03:41 | __main__ | INFO |   > période 2024-10-01 -> 2024-10-31
2025-11-06 13:03:42 | __main__ | INFO |   > période 2024-11-01 -> 2024-11-30
2025-11-06 13:03:43 | __main__ | INFO |   > période 2024-12-01 -> 2024-12-31
2025-11-06 13:03:44 | __main__ | INFO |   > période 2025-01-01 -> 2025-01-31
2025-11-06 13:03:46 | __main__ | INFO |   > période 2025-02-01 -> 2025-02-28
2025-11-06 13:03:47 | __main__ | INFO |   > période 2025-03-01 -> 2025-03-31
2025-11-06 13:03:49 | __main__ | INFO |   > période 2025-04-01 -> 2025-04-30
2025-11-06 13:03:50 | __main__ | INFO |   > période 2025-05-01 -> 2025-05-31
2025-11-06 13:03:51 | __main__ | INFO |   > période 2025-06-01 -> 2025-06-30
2025-11-06 13:03:52 | __main__ | INFO |   > période 2025-07-01 -> 2025-07-31
2025-11-06 13:03:53 | __main__ | INFO |   > période 2025-08-01 -> 2025-08-31
2025-11-06 13:03:55 | __main__ | INFO |   > période 2025-09-01 -> 2025-09-30
2025-11-06 13:03:56 | __main__ | INFO |   > période 2025-10-01 -> 2025-10-31
2025-11-06 13:03:58 | __main__ | INFO |   > période 2025-11-01 -> 2025-11-06
2025-11-06 13:03:59 | __main__ | INFO | [CITY] Stockholm, Sweden
2025-11-06 13:03:59 | __main__ | INFO |   > période 2022-11-01 -> 2022-11-30
2025-11-06 13:04:00 | __main__ | INFO |   > période 2022-12-01 -> 2022-12-31
2025-11-06 13:04:02 | __main__ | INFO |   > période 2023-01-01 -> 2023-01-31
2025-11-06 13:04:03 | __main__ | INFO |   > période 2023-02-01 -> 2023-02-28
2025-11-06 13:04:04 | __main__ | INFO |   > période 2023-03-01 -> 2023-03-31
2025-11-06 13:04:05 | __main__ | INFO |   > période 2023-04-01 -> 2023-04-30
2025-11-06 13:04:06 | __main__ | INFO |   > période 2023-05-01 -> 2023-05-31
2025-11-06 13:04:08 | __main__ | INFO |   > période 2023-06-01 -> 2023-06-30
2025-11-06 13:04:09 | __main__ | INFO |   > période 2023-07-01 -> 2023-07-31
2025-11-06 13:04:10 | __main__ | INFO |   > période 2023-08-01 -> 2023-08-31
2025-11-06 13:04:11 | __main__ | INFO |   > période 2023-09-01 -> 2023-09-30
2025-11-06 13:04:13 | __main__ | INFO |   > période 2023-10-01 -> 2023-10-31
2025-11-06 13:04:14 | __main__ | INFO |   > période 2023-11-01 -> 2023-11-30
2025-11-06 13:04:16 | __main__ | INFO |   > période 2023-12-01 -> 2023-12-31
2025-11-06 13:04:17 | __main__ | INFO |   > période 2024-01-01 -> 2024-01-31
2025-11-06 13:04:18 | __main__ | INFO |   > période 2024-02-01 -> 2024-02-29
2025-11-06 13:04:20 | __main__ | INFO |   > période 2024-03-01 -> 2024-03-31
2025-11-06 13:04:21 | __main__ | INFO |   > période 2024-04-01 -> 2024-04-30
2025-11-06 13:04:22 | __main__ | INFO |   > période 2024-05-01 -> 2024-05-31
2025-11-06 13:04:23 | __main__ | INFO |   > période 2024-06-01 -> 2024-06-30
2025-11-06 13:04:25 | __main__ | INFO |   > période 2024-07-01 -> 2024-07-31
2025-11-06 13:04:26 | __main__ | INFO |   > période 2024-08-01 -> 2024-08-31
2025-11-06 13:04:27 | __main__ | INFO |   > période 2024-09-01 -> 2024-09-30
2025-11-06 13:04:29 | __main__ | INFO |   > période 2024-10-01 -> 2024-10-31
2025-11-06 13:04:31 | __main__ | INFO |   > période 2024-11-01 -> 2024-11-30
2025-11-06 13:04:32 | __main__ | INFO |   > période 2024-12-01 -> 2024-12-31
2025-11-06 13:04:33 | __main__ | INFO |   > période 2025-01-01 -> 2025-01-31
2025-11-06 13:04:35 | __main__ | INFO |   > période 2025-02-01 -> 2025-02-28
2025-11-06 13:04:36 | __main__ | INFO |   > période 2025-03-01 -> 2025-03-31
2025-11-06 13:04:38 | __main__ | INFO |   > période 2025-04-01 -> 2025-04-30
2025-11-06 13:04:39 | __main__ | INFO |   > période 2025-05-01 -> 2025-05-31
2025-11-06 13:04:40 | __main__ | INFO |   > période 2025-06-01 -> 2025-06-30
2025-11-06 13:04:42 | __main__ | INFO |   > période 2025-07-01 -> 2025-07-31
2025-11-06 13:04:43 | __main__ | INFO |   > période 2025-08-01 -> 2025-08-31
2025-11-06 13:04:44 | __main__ | INFO |   > période 2025-09-01 -> 2025-09-30
2025-11-06 13:04:45 | __main__ | INFO |   > période 2025-10-01 -> 2025-10-31
2025-11-06 13:04:48 | __main__ | INFO |   > période 2025-11-01 -> 2025-11-06
2025-11-06 13:04:49 | __main__ | INFO | [CITY] Oslo, Norway
2025-11-06 13:04:49 | __main__ | INFO |   > période 2022-11-01 -> 2022-11-30
2025-11-06 13:04:51 | __main__ | INFO |   > période 2022-12-01 -> 2022-12-31
2025-11-06 13:04:52 | __main__ | INFO |   > période 2023-01-01 -> 2023-01-31
2025-11-06 13:04:54 | __main__ | INFO |   > période 2023-02-01 -> 2023-02-28
2025-11-06 13:04:55 | __main__ | INFO |   > période 2023-03-01 -> 2023-03-31
2025-11-06 13:04:56 | __main__ | INFO |   > période 2023-04-01 -> 2023-04-30
2025-11-06 13:04:58 | __main__ | INFO |   > période 2023-05-01 -> 2023-05-31
2025-11-06 13:04:59 | __main__ | INFO |   > période 2023-06-01 -> 2023-06-30
2025-11-06 13:05:00 | __main__ | INFO |   > période 2023-07-01 -> 2023-07-31
2025-11-06 13:05:01 | __main__ | INFO |   > période 2023-08-01 -> 2023-08-31
2025-11-06 13:05:03 | __main__ | INFO |   > période 2023-09-01 -> 2023-09-30
2025-11-06 13:05:04 | __main__ | INFO |   > période 2023-10-01 -> 2023-10-31
2025-11-06 13:05:06 | __main__ | INFO |   > période 2023-11-01 -> 2023-11-30
2025-11-06 13:05:07 | __main__ | INFO |   > période 2023-12-01 -> 2023-12-31
2025-11-06 13:05:09 | __main__ | INFO |   > période 2024-01-01 -> 2024-01-31
2025-11-06 13:05:10 | __main__ | INFO |   > période 2024-02-01 -> 2024-02-29
2025-11-06 13:05:12 | __main__ | INFO |   > période 2024-03-01 -> 2024-03-31
2025-11-06 13:05:13 | __main__ | INFO |   > période 2024-04-01 -> 2024-04-30
2025-11-06 13:05:14 | __main__ | INFO |   > période 2024-05-01 -> 2024-05-31
2025-11-06 13:05:15 | __main__ | INFO |   > période 2024-06-01 -> 2024-06-30
2025-11-06 13:05:17 | __main__ | INFO |   > période 2024-07-01 -> 2024-07-31
2025-11-06 13:05:18 | __main__ | INFO |   > période 2024-08-01 -> 2024-08-31
2025-11-06 13:05:19 | __main__ | INFO |   > période 2024-09-01 -> 2024-09-30
2025-11-06 13:05:21 | __main__ | INFO |   > période 2024-10-01 -> 2024-10-31
2025-11-06 13:05:22 | __main__ | INFO |   > période 2024-11-01 -> 2024-11-30
2025-11-06 13:05:24 | __main__ | INFO |   > période 2024-12-01 -> 2024-12-31
2025-11-06 13:05:25 | __main__ | INFO |   > période 2025-01-01 -> 2025-01-31
2025-11-06 13:05:26 | __main__ | INFO |   > période 2025-02-01 -> 2025-02-28
2025-11-06 13:05:27 | __main__ | INFO |   > période 2025-03-01 -> 2025-03-31
2025-11-06 13:05:29 | __main__ | INFO |   > période 2025-04-01 -> 2025-04-30
2025-11-06 13:05:30 | __main__ | INFO |   > période 2025-05-01 -> 2025-05-31
2025-11-06 13:05:31 | __main__ | INFO |   > période 2025-06-01 -> 2025-06-30
2025-11-06 13:05:33 | __main__ | INFO |   > période 2025-07-01 -> 2025-07-31
2025-11-06 13:05:34 | __main__ | INFO |   > période 2025-08-01 -> 2025-08-31
2025-11-06 13:05:36 | __main__ | INFO |   > période 2025-09-01 -> 2025-09-30
2025-11-06 13:05:37 | __main__ | INFO |   > période 2025-10-01 -> 2025-10-31
2025-11-06 13:05:38 | __main__ | INFO |   > période 2025-11-01 -> 2025-11-06
2025-11-06 13:05:39 | __main__ | INFO | [CITY] Helsinki, Finland
2025-11-06 13:05:39 | __main__ | INFO |   > période 2022-11-01 -> 2022-11-30
2025-11-06 13:05:41 | __main__ | INFO |   > période 2022-12-01 -> 2022-12-31
2025-11-06 13:05:42 | __main__ | INFO |   > période 2023-01-01 -> 2023-01-31
2025-11-06 13:05:43 | __main__ | INFO |   > période 2023-02-01 -> 2023-02-28
2025-11-06 13:05:44 | __main__ | INFO |   > période 2023-03-01 -> 2023-03-31
2025-11-06 13:05:45 | __main__ | INFO |   > période 2023-04-01 -> 2023-04-30
2025-11-06 13:05:47 | __main__ | INFO |   > période 2023-05-01 -> 2023-05-31
2025-11-06 13:05:48 | __main__ | INFO |   > période 2023-06-01 -> 2023-06-30
2025-11-06 13:05:49 | __main__ | INFO |   > période 2023-07-01 -> 2023-07-31
2025-11-06 13:05:51 | __main__ | INFO |   > période 2023-08-01 -> 2023-08-31
2025-11-06 13:05:52 | __main__ | INFO |   > période 2023-09-01 -> 2023-09-30
2025-11-06 13:05:53 | __main__ | INFO |   > période 2023-10-01 -> 2023-10-31
2025-11-06 13:05:55 | __main__ | INFO |   > période 2023-11-01 -> 2023-11-30
2025-11-06 13:05:56 | __main__ | INFO |   > période 2023-12-01 -> 2023-12-31
2025-11-06 13:05:57 | __main__ | INFO |   > période 2024-01-01 -> 2024-01-31
2025-11-06 13:05:59 | __main__ | INFO |   > période 2024-02-01 -> 2024-02-29
2025-11-06 13:06:00 | __main__ | INFO |   > période 2024-03-01 -> 2024-03-31
2025-11-06 13:06:03 | __main__ | INFO |   > période 2024-04-01 -> 2024-04-30
2025-11-06 13:06:04 | __main__ | INFO |   > période 2024-05-01 -> 2024-05-31
2025-11-06 13:06:06 | __main__ | INFO |   > période 2024-06-01 -> 2024-06-30
2025-11-06 13:06:07 | __main__ | INFO |   > période 2024-07-01 -> 2024-07-31
2025-11-06 13:06:08 | __main__ | INFO |   > période 2024-08-01 -> 2024-08-31
2025-11-06 13:06:10 | __main__ | INFO |   > période 2024-09-01 -> 2024-09-30
2025-11-06 13:06:11 | __main__ | INFO |   > période 2024-10-01 -> 2024-10-31
2025-11-06 13:06:12 | __main__ | INFO |   > période 2024-11-01 -> 2024-11-30
2025-11-06 13:06:14 | __main__ | INFO |   > période 2024-12-01 -> 2024-12-31
2025-11-06 13:06:16 | __main__ | INFO |   > période 2025-01-01 -> 2025-01-31
2025-11-06 13:06:17 | __main__ | INFO |   > période 2025-02-01 -> 2025-02-28
2025-11-06 13:06:19 | __main__ | INFO |   > période 2025-03-01 -> 2025-03-31
2025-11-06 13:06:20 | __main__ | INFO |   > période 2025-04-01 -> 2025-04-30
2025-11-06 13:06:22 | __main__ | INFO |   > période 2025-05-01 -> 2025-05-31
2025-11-06 13:06:23 | __main__ | INFO |   > période 2025-06-01 -> 2025-06-30
2025-11-06 13:06:25 | __main__ | INFO |   > période 2025-07-01 -> 2025-07-31
2025-11-06 13:06:27 | __main__ | INFO |   > période 2025-08-01 -> 2025-08-31
2025-11-06 13:06:29 | __main__ | INFO |   > période 2025-09-01 -> 2025-09-30
2025-11-06 13:06:30 | __main__ | INFO |   > période 2025-10-01 -> 2025-10-31
2025-11-06 13:06:32 | __main__ | INFO |   > période 2025-11-01 -> 2025-11-06
2025-11-06 13:06:33 | __main__ | INFO | [CITY] Copenhagen, Denmark
2025-11-06 13:06:33 | __main__ | INFO |   > période 2022-11-01 -> 2022-11-30
2025-11-06 13:06:35 | __main__ | INFO |   > période 2022-12-01 -> 2022-12-31
2025-11-06 13:06:37 | __main__ | INFO |   > période 2023-01-01 -> 2023-01-31
2025-11-06 13:06:38 | __main__ | INFO |   > période 2023-02-01 -> 2023-02-28
2025-11-06 13:06:40 | __main__ | INFO |   > période 2023-03-01 -> 2023-03-31
2025-11-06 13:06:41 | __main__ | INFO |   > période 2023-04-01 -> 2023-04-30
2025-11-06 13:06:42 | __main__ | INFO |   > période 2023-05-01 -> 2023-05-31
2025-11-06 13:06:44 | __main__ | INFO |   > période 2023-06-01 -> 2023-06-30
2025-11-06 13:06:46 | __main__ | INFO |   > période 2023-07-01 -> 2023-07-31
2025-11-06 13:06:47 | __main__ | INFO |   > période 2023-08-01 -> 2023-08-31
2025-11-06 13:06:48 | __main__ | INFO |   > période 2023-09-01 -> 2023-09-30
2025-11-06 13:06:50 | __main__ | INFO |   > période 2023-10-01 -> 2023-10-31
2025-11-06 13:06:51 | __main__ | INFO |   > période 2023-11-01 -> 2023-11-30
2025-11-06 13:06:53 | __main__ | INFO |   > période 2023-12-01 -> 2023-12-31
2025-11-06 13:06:55 | __main__ | INFO |   > période 2024-01-01 -> 2024-01-31
2025-11-06 13:06:56 | __main__ | INFO |   > période 2024-02-01 -> 2024-02-29
2025-11-06 13:06:58 | __main__ | INFO |   > période 2024-03-01 -> 2024-03-31
2025-11-06 13:07:00 | __main__ | INFO |   > période 2024-04-01 -> 2024-04-30
2025-11-06 13:07:01 | __main__ | INFO |   > période 2024-05-01 -> 2024-05-31
2025-11-06 13:07:03 | __main__ | INFO |   > période 2024-06-01 -> 2024-06-30
2025-11-06 13:07:04 | __main__ | INFO |   > période 2024-07-01 -> 2024-07-31
2025-11-06 13:07:06 | __main__ | INFO |   > période 2024-08-01 -> 2024-08-31
2025-11-06 13:07:07 | __main__ | INFO |   > période 2024-09-01 -> 2024-09-30
2025-11-06 13:07:08 | __main__ | INFO |   > période 2024-10-01 -> 2024-10-31
2025-11-06 13:07:10 | __main__ | INFO |   > période 2024-11-01 -> 2024-11-30
2025-11-06 13:07:11 | __main__ | INFO |   > période 2024-12-01 -> 2024-12-31
2025-11-06 13:07:12 | __main__ | INFO |   > période 2025-01-01 -> 2025-01-31
2025-11-06 13:07:14 | __main__ | INFO |   > période 2025-02-01 -> 2025-02-28
2025-11-06 13:07:15 | __main__ | INFO |   > période 2025-03-01 -> 2025-03-31
2025-11-06 13:07:17 | __main__ | INFO |   > période 2025-04-01 -> 2025-04-30
2025-11-06 13:09:40 | __main__ | ERROR | Erreur Copenhagen 2025-04-01 -> 2025-04-30: ('Connection aborted.', ConnectionResetError(10054, 'Une connexion existante a dû être fermée par l’hôte distant', None, 10054, None))
2025-11-06 13:09:40 | __main__ | INFO |   > période 2025-05-01 -> 2025-05-31
2025-11-06 13:09:42 | __main__ | INFO |   > période 2025-06-01 -> 2025-06-30
2025-11-06 13:09:43 | __main__ | INFO |   > période 2025-07-01 -> 2025-07-31
2025-11-06 13:09:45 | __main__ | INFO |   > période 2025-08-01 -> 2025-08-31
2025-11-06 13:09:46 | __main__ | INFO |   > période 2025-09-01 -> 2025-09-30
2025-11-06 13:09:47 | __main__ | INFO |   > période 2025-10-01 -> 2025-10-31
2025-11-06 13:09:49 | __main__ | INFO |   > période 2025-11-01 -> 2025-11-06
2025-11-06 13:09:50 | __main__ | INFO | [CITY] Dublin, Ireland
2025-11-06 13:09:50 | __main__ | INFO |   > période 2022-11-01 -> 2022-11-30
2025-11-06 13:09:52 | __main__ | INFO |   > période 2022-12-01 -> 2022-12-31
2025-11-06 13:09:53 | __main__ | INFO |   > période 2023-01-01 -> 2023-01-31
2025-11-06 13:09:54 | __main__ | INFO |   > période 2023-02-01 -> 2023-02-28
2025-11-06 13:09:56 | __main__ | INFO |   > période 2023-03-01 -> 2023-03-31
2025-11-06 13:09:57 | __main__ | INFO |   > période 2023-04-01 -> 2023-04-30
2025-11-06 13:09:59 | __main__ | INFO |   > période 2023-05-01 -> 2023-05-31
2025-11-06 13:10:00 | __main__ | INFO |   > période 2023-06-01 -> 2023-06-30
2025-11-06 13:10:02 | __main__ | INFO |   > période 2023-07-01 -> 2023-07-31
2025-11-06 13:10:03 | __main__ | INFO |   > période 2023-08-01 -> 2023-08-31
2025-11-06 13:10:05 | __main__ | INFO |   > période 2023-09-01 -> 2023-09-30
2025-11-06 13:10:07 | __main__ | INFO |   > période 2023-10-01 -> 2023-10-31
2025-11-06 13:10:08 | __main__ | INFO |   > période 2023-11-01 -> 2023-11-30
2025-11-06 13:10:10 | __main__ | INFO |   > période 2023-12-01 -> 2023-12-31
2025-11-06 13:10:11 | __main__ | INFO |   > période 2024-01-01 -> 2024-01-31
2025-11-06 13:10:13 | __main__ | INFO |   > période 2024-02-01 -> 2024-02-29
2025-11-06 13:10:15 | __main__ | INFO |   > période 2024-03-01 -> 2024-03-31
2025-11-06 13:10:17 | __main__ | INFO |   > période 2024-04-01 -> 2024-04-30
2025-11-06 13:10:19 | __main__ | INFO |   > période 2024-05-01 -> 2024-05-31
2025-11-06 13:10:21 | __main__ | INFO |   > période 2024-06-01 -> 2024-06-30
2025-11-06 13:10:22 | __main__ | INFO |   > période 2024-07-01 -> 2024-07-31
2025-11-06 13:10:23 | __main__ | INFO |   > période 2024-08-01 -> 2024-08-31
2025-11-06 13:10:24 | __main__ | INFO |   > période 2024-09-01 -> 2024-09-30
2025-11-06 13:10:26 | __main__ | INFO |   > période 2024-10-01 -> 2024-10-31
2025-11-06 13:10:27 | __main__ | INFO |   > période 2024-11-01 -> 2024-11-30
2025-11-06 13:10:28 | __main__ | INFO |   > période 2024-12-01 -> 2024-12-31
2025-11-06 13:10:29 | __main__ | INFO |   > période 2025-01-01 -> 2025-01-31
2025-11-06 13:10:31 | __main__ | INFO |   > période 2025-02-01 -> 2025-02-28
2025-11-06 13:10:32 | __main__ | INFO |   > période 2025-03-01 -> 2025-03-31
2025-11-06 13:10:34 | __main__ | INFO |   > période 2025-04-01 -> 2025-04-30
2025-11-06 13:10:35 | __main__ | INFO |   > période 2025-05-01 -> 2025-05-31
2025-11-06 13:10:36 | __main__ | INFO |   > période 2025-06-01 -> 2025-06-30
2025-11-06 13:10:38 | __main__ | INFO |   > période 2025-07-01 -> 2025-07-31
2025-11-06 13:10:39 | __main__ | INFO |   > période 2025-08-01 -> 2025-08-31
2025-11-06 13:10:41 | __main__ | INFO |   > période 2025-09-01 -> 2025-09-30
2025-11-06 13:10:42 | __main__ | INFO |   > période 2025-10-01 -> 2025-10-31
2025-11-06 13:10:43 | __main__ | INFO |   > période 2025-11-01 -> 2025-11-06
2025-11-06 13:10:45 | __main__ | INFO | [CITY] Warsaw, Poland
2025-11-06 13:10:45 | __main__ | INFO |   > période 2022-11-01 -> 2022-11-30
2025-11-06 13:10:47 | __main__ | INFO |   > période 2022-12-01 -> 2022-12-31
2025-11-06 13:10:48 | __main__ | INFO |   > période 2023-01-01 -> 2023-01-31
2025-11-06 13:10:49 | __main__ | INFO |   > période 2023-02-01 -> 2023-02-28
2025-11-06 13:10:50 | __main__ | INFO |   > période 2023-03-01 -> 2023-03-31
2025-11-06 13:10:52 | __main__ | INFO |   > période 2023-04-01 -> 2023-04-30
2025-11-06 13:10:53 | __main__ | INFO |   > période 2023-05-01 -> 2023-05-31
2025-11-06 13:10:55 | __main__ | INFO |   > période 2023-06-01 -> 2023-06-30
2025-11-06 13:10:56 | __main__ | INFO |   > période 2023-07-01 -> 2023-07-31
2025-11-06 13:10:58 | __main__ | INFO |   > période 2023-08-01 -> 2023-08-31
2025-11-06 13:10:59 | __main__ | INFO |   > période 2023-09-01 -> 2023-09-30
2025-11-06 13:11:01 | __main__ | INFO |   > période 2023-10-01 -> 2023-10-31
2025-11-06 13:11:02 | __main__ | INFO |   > période 2023-11-01 -> 2023-11-30
2025-11-06 13:11:03 | __main__ | INFO |   > période 2023-12-01 -> 2023-12-31
2025-11-06 13:11:05 | __main__ | INFO |   > période 2024-01-01 -> 2024-01-31
2025-11-06 13:11:07 | __main__ | INFO |   > période 2024-02-01 -> 2024-02-29
2025-11-06 13:11:09 | __main__ | INFO |   > période 2024-03-01 -> 2024-03-31
2025-11-06 13:11:10 | __main__ | INFO |   > période 2024-04-01 -> 2024-04-30
2025-11-06 13:11:11 | __main__ | INFO |   > période 2024-05-01 -> 2024-05-31
2025-11-06 13:11:13 | __main__ | INFO |   > période 2024-06-01 -> 2024-06-30
2025-11-06 13:11:14 | __main__ | INFO |   > période 2024-07-01 -> 2024-07-31
2025-11-06 13:11:15 | __main__ | INFO |   > période 2024-08-01 -> 2024-08-31
2025-11-06 13:11:17 | __main__ | INFO |   > période 2024-09-01 -> 2024-09-30
2025-11-06 13:11:19 | __main__ | INFO |   > période 2024-10-01 -> 2024-10-31
2025-11-06 13:11:20 | __main__ | INFO |   > période 2024-11-01 -> 2024-11-30
2025-11-06 13:11:21 | __main__ | INFO |   > période 2024-12-01 -> 2024-12-31
2025-11-06 13:11:23 | __main__ | INFO |   > période 2025-01-01 -> 2025-01-31
2025-11-06 13:11:24 | __main__ | INFO |   > période 2025-02-01 -> 2025-02-28
2025-11-06 13:11:25 | __main__ | INFO |   > période 2025-03-01 -> 2025-03-31
2025-11-06 13:11:26 | __main__ | INFO |   > période 2025-04-01 -> 2025-04-30
2025-11-06 13:11:28 | __main__ | INFO |   > période 2025-05-01 -> 2025-05-31
2025-11-06 13:11:29 | __main__ | INFO |   > période 2025-06-01 -> 2025-06-30
2025-11-06 13:11:30 | __main__ | INFO |   > période 2025-07-01 -> 2025-07-31
2025-11-06 13:11:32 | __main__ | INFO |   > période 2025-08-01 -> 2025-08-31
2025-11-06 13:11:33 | __main__ | INFO |   > période 2025-09-01 -> 2025-09-30
2025-11-06 13:11:34 | __main__ | INFO |   > période 2025-10-01 -> 2025-10-31
2025-11-06 13:11:36 | __main__ | INFO |   > période 2025-11-01 -> 2025-11-06
2025-11-06 13:11:37 | __main__ | INFO | [CITY] Prague, Czech Republic
2025-11-06 13:11:37 | __main__ | INFO |   > période 2022-11-01 -> 2022-11-30
2025-11-06 13:11:38 | __main__ | INFO |   > période 2022-12-01 -> 2022-12-31
2025-11-06 13:11:39 | __main__ | INFO |   > période 2023-01-01 -> 2023-01-31
2025-11-06 13:11:41 | __main__ | INFO |   > période 2023-02-01 -> 2023-02-28
2025-11-06 13:11:42 | __main__ | INFO |   > période 2023-03-01 -> 2023-03-31
2025-11-06 13:11:43 | __main__ | INFO |   > période 2023-04-01 -> 2023-04-30
2025-11-06 13:11:44 | __main__ | INFO |   > période 2023-05-01 -> 2023-05-31
2025-11-06 13:11:46 | __main__ | INFO |   > période 2023-06-01 -> 2023-06-30
2025-11-06 13:11:47 | __main__ | INFO |   > période 2023-07-01 -> 2023-07-31
2025-11-06 13:11:49 | __main__ | INFO |   > période 2023-08-01 -> 2023-08-31
2025-11-06 13:11:50 | __main__ | INFO |   > période 2023-09-01 -> 2023-09-30
2025-11-06 13:11:51 | __main__ | INFO |   > période 2023-10-01 -> 2023-10-31
2025-11-06 13:11:53 | __main__ | INFO |   > période 2023-11-01 -> 2023-11-30
2025-11-06 13:11:54 | __main__ | INFO |   > période 2023-12-01 -> 2023-12-31
2025-11-06 13:11:56 | __main__ | INFO |   > période 2024-01-01 -> 2024-01-31
2025-11-06 13:11:57 | __main__ | INFO |   > période 2024-02-01 -> 2024-02-29
2025-11-06 13:11:58 | __main__ | INFO |   > période 2024-03-01 -> 2024-03-31
2025-11-06 13:12:00 | __main__ | INFO |   > période 2024-04-01 -> 2024-04-30
2025-11-06 13:12:01 | __main__ | INFO |   > période 2024-05-01 -> 2024-05-31
2025-11-06 13:12:03 | __main__ | INFO |   > période 2024-06-01 -> 2024-06-30
2025-11-06 13:12:04 | __main__ | INFO |   > période 2024-07-01 -> 2024-07-31
2025-11-06 13:12:06 | __main__ | INFO |   > période 2024-08-01 -> 2024-08-31
2025-11-06 13:12:08 | __main__ | INFO |   > période 2024-09-01 -> 2024-09-30
2025-11-06 13:12:10 | __main__ | INFO |   > période 2024-10-01 -> 2024-10-31
2025-11-06 13:12:11 | __main__ | INFO |   > période 2024-11-01 -> 2024-11-30
2025-11-06 13:12:12 | __main__ | INFO |   > période 2024-12-01 -> 2024-12-31
2025-11-06 13:12:13 | __main__ | INFO |   > période 2025-01-01 -> 2025-01-31
2025-11-06 13:12:15 | __main__ | INFO |   > période 2025-02-01 -> 2025-02-28
2025-11-06 13:12:17 | __main__ | INFO |   > période 2025-03-01 -> 2025-03-31
2025-11-06 13:12:18 | __main__ | INFO |   > période 2025-04-01 -> 2025-04-30
2025-11-06 13:12:20 | __main__ | INFO |   > période 2025-05-01 -> 2025-05-31
2025-11-06 13:12:22 | __main__ | INFO |   > période 2025-06-01 -> 2025-06-30
2025-11-06 13:12:23 | __main__ | INFO |   > période 2025-07-01 -> 2025-07-31
2025-11-06 13:12:25 | __main__ | INFO |   > période 2025-08-01 -> 2025-08-31
2025-11-06 13:12:26 | __main__ | INFO |   > période 2025-09-01 -> 2025-09-30
2025-11-06 13:12:28 | __main__ | INFO |   > période 2025-10-01 -> 2025-10-31
2025-11-06 13:12:30 | __main__ | INFO |   > période 2025-11-01 -> 2025-11-06
2025-11-06 13:12:31 | __main__ | INFO | [CITY] Budapest, Hungary
2025-11-06 13:12:31 | __main__ | INFO |   > période 2022-11-01 -> 2022-11-30
2025-11-06 13:12:32 | __main__ | INFO |   > période 2022-12-01 -> 2022-12-31
2025-11-06 13:12:33 | __main__ | INFO |   > période 2023-01-01 -> 2023-01-31
2025-11-06 13:12:34 | __main__ | INFO |   > période 2023-02-01 -> 2023-02-28
2025-11-06 13:12:36 | __main__ | INFO |   > période 2023-03-01 -> 2023-03-31
2025-11-06 13:12:39 | __main__ | INFO |   > période 2023-04-01 -> 2023-04-30
2025-11-06 13:12:40 | __main__ | INFO |   > période 2023-05-01 -> 2023-05-31
2025-11-06 13:12:42 | __main__ | INFO |   > période 2023-06-01 -> 2023-06-30
2025-11-06 13:12:43 | __main__ | INFO |   > période 2023-07-01 -> 2023-07-31
2025-11-06 13:12:45 | __main__ | INFO |   > période 2023-08-01 -> 2023-08-31
2025-11-06 13:12:46 | __main__ | INFO |   > période 2023-09-01 -> 2023-09-30
2025-11-06 13:12:47 | __main__ | INFO |   > période 2023-10-01 -> 2023-10-31
2025-11-06 13:12:48 | __main__ | INFO |   > période 2023-11-01 -> 2023-11-30
2025-11-06 13:12:50 | __main__ | INFO |   > période 2023-12-01 -> 2023-12-31
2025-11-06 13:12:51 | __main__ | INFO |   > période 2024-01-01 -> 2024-01-31
2025-11-06 13:12:52 | __main__ | INFO |   > période 2024-02-01 -> 2024-02-29
2025-11-06 13:12:54 | __main__ | INFO |   > période 2024-03-01 -> 2024-03-31
2025-11-06 13:12:56 | __main__ | INFO |   > période 2024-04-01 -> 2024-04-30
2025-11-06 13:12:57 | __main__ | INFO |   > période 2024-05-01 -> 2024-05-31
2025-11-06 13:12:59 | __main__ | INFO |   > période 2024-06-01 -> 2024-06-30
2025-11-06 13:13:01 | __main__ | INFO |   > période 2024-07-01 -> 2024-07-31
2025-11-06 13:13:03 | __main__ | INFO |   > période 2024-08-01 -> 2024-08-31
2025-11-06 13:13:04 | __main__ | INFO |   > période 2024-09-01 -> 2024-09-30
2025-11-06 13:13:06 | __main__ | INFO |   > période 2024-10-01 -> 2024-10-31
2025-11-06 13:13:07 | __main__ | INFO |   > période 2024-11-01 -> 2024-11-30
2025-11-06 13:13:09 | __main__ | INFO |   > période 2024-12-01 -> 2024-12-31
2025-11-06 13:13:11 | __main__ | INFO |   > période 2025-01-01 -> 2025-01-31
2025-11-06 13:13:12 | __main__ | INFO |   > période 2025-02-01 -> 2025-02-28
2025-11-06 13:13:14 | __main__ | INFO |   > période 2025-03-01 -> 2025-03-31
2025-11-06 13:13:15 | __main__ | INFO |   > période 2025-04-01 -> 2025-04-30
2025-11-06 13:13:16 | __main__ | INFO |   > période 2025-05-01 -> 2025-05-31
2025-11-06 13:13:18 | __main__ | INFO |   > période 2025-06-01 -> 2025-06-30
2025-11-06 13:13:19 | __main__ | INFO |   > période 2025-07-01 -> 2025-07-31
2025-11-06 13:13:21 | __main__ | INFO |   > période 2025-08-01 -> 2025-08-31
2025-11-06 13:13:22 | __main__ | INFO |   > période 2025-09-01 -> 2025-09-30
2025-11-06 13:13:23 | __main__ | INFO |   > période 2025-10-01 -> 2025-10-31
2025-11-06 13:13:25 | __main__ | INFO |   > période 2025-11-01 -> 2025-11-06
2025-11-06 13:13:27 | __main__ | INFO | [CITY] Athens, Greece
2025-11-06 13:13:27 | __main__ | INFO |   > période 2022-11-01 -> 2022-11-30
2025-11-06 13:13:28 | __main__ | INFO |   > période 2022-12-01 -> 2022-12-31
2025-11-06 13:13:29 | __main__ | INFO |   > période 2023-01-01 -> 2023-01-31
2025-11-06 13:13:30 | __main__ | INFO |   > période 2023-02-01 -> 2023-02-28
2025-11-06 13:13:32 | __main__ | INFO |   > période 2023-03-01 -> 2023-03-31
2025-11-06 13:13:33 | __main__ | INFO |   > période 2023-04-01 -> 2023-04-30
2025-11-06 13:13:35 | __main__ | INFO |   > période 2023-05-01 -> 2023-05-31
2025-11-06 13:13:36 | __main__ | INFO |   > période 2023-06-01 -> 2023-06-30
2025-11-06 13:13:38 | __main__ | INFO |   > période 2023-07-01 -> 2023-07-31
2025-11-06 13:13:41 | __main__ | INFO |   > période 2023-08-01 -> 2023-08-31
2025-11-06 13:13:42 | __main__ | INFO |   > période 2023-09-01 -> 2023-09-30
2025-11-06 13:13:44 | __main__ | INFO |   > période 2023-10-01 -> 2023-10-31
2025-11-06 13:13:45 | __main__ | INFO |   > période 2023-11-01 -> 2023-11-30
2025-11-06 13:13:47 | __main__ | INFO |   > période 2023-12-01 -> 2023-12-31
2025-11-06 13:13:48 | __main__ | INFO |   > période 2024-01-01 -> 2024-01-31
2025-11-06 13:13:49 | __main__ | INFO |   > période 2024-02-01 -> 2024-02-29
2025-11-06 13:13:51 | __main__ | INFO |   > période 2024-03-01 -> 2024-03-31
2025-11-06 13:13:53 | __main__ | INFO |   > période 2024-04-01 -> 2024-04-30
2025-11-06 13:13:55 | __main__ | INFO |   > période 2024-05-01 -> 2024-05-31
2025-11-06 13:13:56 | __main__ | INFO |   > période 2024-06-01 -> 2024-06-30
2025-11-06 13:13:58 | __main__ | INFO |   > période 2024-07-01 -> 2024-07-31
2025-11-06 13:13:59 | __main__ | INFO |   > période 2024-08-01 -> 2024-08-31
2025-11-06 13:14:00 | __main__ | INFO |   > période 2024-09-01 -> 2024-09-30
2025-11-06 13:14:02 | __main__ | INFO |   > période 2024-10-01 -> 2024-10-31
2025-11-06 13:14:03 | __main__ | INFO |   > période 2024-11-01 -> 2024-11-30
2025-11-06 13:14:04 | __main__ | INFO |   > période 2024-12-01 -> 2024-12-31
2025-11-06 13:14:05 | __main__ | INFO |   > période 2025-01-01 -> 2025-01-31
2025-11-06 13:14:07 | __main__ | INFO |   > période 2025-02-01 -> 2025-02-28
2025-11-06 13:14:08 | __main__ | INFO |   > période 2025-03-01 -> 2025-03-31
2025-11-06 13:14:10 | __main__ | INFO |   > période 2025-04-01 -> 2025-04-30
2025-11-06 13:14:12 | __main__ | INFO |   > période 2025-05-01 -> 2025-05-31
2025-11-06 13:14:13 | __main__ | INFO |   > période 2025-06-01 -> 2025-06-30
2025-11-06 13:14:15 | __main__ | INFO |   > période 2025-07-01 -> 2025-07-31
2025-11-06 13:14:16 | __main__ | INFO |   > période 2025-08-01 -> 2025-08-31
2025-11-06 13:14:18 | __main__ | INFO |   > période 2025-09-01 -> 2025-09-30
2025-11-06 13:14:19 | __main__ | INFO |   > période 2025-10-01 -> 2025-10-31
2025-11-06 13:14:20 | __main__ | INFO |   > période 2025-11-01 -> 2025-11-06
2025-11-06 13:14:21 | __main__ | INFO | [CITY] Bucharest, Romania
2025-11-06 13:14:21 | __main__ | INFO |   > période 2022-11-01 -> 2022-11-30
2025-11-06 13:14:22 | __main__ | INFO |   > période 2022-12-01 -> 2022-12-31
2025-11-06 13:14:23 | __main__ | INFO |   > période 2023-01-01 -> 2023-01-31
2025-11-06 13:14:25 | __main__ | INFO |   > période 2023-02-01 -> 2023-02-28
2025-11-06 13:14:26 | __main__ | INFO |   > période 2023-03-01 -> 2023-03-31
2025-11-06 13:14:28 | __main__ | INFO |   > période 2023-04-01 -> 2023-04-30
2025-11-06 13:14:29 | __main__ | INFO |   > période 2023-05-01 -> 2023-05-31
2025-11-06 13:14:31 | __main__ | INFO |   > période 2023-06-01 -> 2023-06-30
2025-11-06 13:14:32 | __main__ | INFO |   > période 2023-07-01 -> 2023-07-31
2025-11-06 13:14:33 | __main__ | INFO |   > période 2023-08-01 -> 2023-08-31
2025-11-06 13:14:35 | __main__ | INFO |   > période 2023-09-01 -> 2023-09-30
2025-11-06 13:14:37 | __main__ | INFO |   > période 2023-10-01 -> 2023-10-31
2025-11-06 13:14:38 | __main__ | INFO |   > période 2023-11-01 -> 2023-11-30
2025-11-06 13:14:40 | __main__ | INFO |   > période 2023-12-01 -> 2023-12-31
2025-11-06 13:14:43 | __main__ | INFO |   > période 2024-01-01 -> 2024-01-31
2025-11-06 13:14:45 | __main__ | INFO |   > période 2024-02-01 -> 2024-02-29
2025-11-06 13:14:46 | __main__ | INFO |   > période 2024-03-01 -> 2024-03-31
2025-11-06 13:14:48 | __main__ | INFO |   > période 2024-04-01 -> 2024-04-30
2025-11-06 13:14:51 | __main__ | INFO |   > période 2024-05-01 -> 2024-05-31
2025-11-06 13:14:53 | __main__ | INFO |   > période 2024-06-01 -> 2024-06-30
2025-11-06 13:14:55 | __main__ | INFO |   > période 2024-07-01 -> 2024-07-31
2025-11-06 13:14:56 | __main__ | INFO |   > période 2024-08-01 -> 2024-08-31
2025-11-06 13:14:58 | __main__ | INFO |   > période 2024-09-01 -> 2024-09-30
2025-11-06 13:15:00 | __main__ | INFO |   > période 2024-10-01 -> 2024-10-31
2025-11-06 13:15:01 | __main__ | INFO |   > période 2024-11-01 -> 2024-11-30
2025-11-06 13:15:03 | __main__ | INFO |   > période 2024-12-01 -> 2024-12-31
2025-11-06 13:15:04 | __main__ | INFO |   > période 2025-01-01 -> 2025-01-31
2025-11-06 13:15:06 | __main__ | INFO |   > période 2025-02-01 -> 2025-02-28
2025-11-06 13:15:07 | __main__ | INFO |   > période 2025-03-01 -> 2025-03-31
2025-11-06 13:15:08 | __main__ | INFO |   > période 2025-04-01 -> 2025-04-30
2025-11-06 13:15:10 | __main__ | INFO |   > période 2025-05-01 -> 2025-05-31
2025-11-06 13:15:11 | __main__ | INFO |   > période 2025-06-01 -> 2025-06-30
2025-11-06 13:15:13 | __main__ | INFO |   > période 2025-07-01 -> 2025-07-31
2025-11-06 13:15:14 | __main__ | INFO |   > période 2025-08-01 -> 2025-08-31
2025-11-06 13:15:15 | __main__ | INFO |   > période 2025-09-01 -> 2025-09-30
2025-11-06 13:15:18 | __main__ | INFO |   > période 2025-10-01 -> 2025-10-31
2025-11-06 13:15:19 | __main__ | INFO |   > période 2025-11-01 -> 2025-11-06
2025-11-06 13:15:20 | __main__ | INFO | [CITY] Sofia, Bulgaria
2025-11-06 13:15:20 | __main__ | INFO |   > période 2022-11-01 -> 2022-11-30
2025-11-06 13:15:21 | __main__ | INFO |   > période 2022-12-01 -> 2022-12-31
2025-11-06 13:15:23 | __main__ | INFO |   > période 2023-01-01 -> 2023-01-31
2025-11-06 13:15:24 | __main__ | INFO |   > période 2023-02-01 -> 2023-02-28
2025-11-06 13:15:26 | __main__ | INFO |   > période 2023-03-01 -> 2023-03-31
2025-11-06 13:15:27 | __main__ | INFO |   > période 2023-04-01 -> 2023-04-30
2025-11-06 13:15:30 | __main__ | INFO |   > période 2023-05-01 -> 2023-05-31
2025-11-06 13:15:32 | __main__ | INFO |   > période 2023-06-01 -> 2023-06-30
2025-11-06 13:15:34 | __main__ | INFO |   > période 2023-07-01 -> 2023-07-31
2025-11-06 13:15:35 | __main__ | INFO |   > période 2023-08-01 -> 2023-08-31
2025-11-06 13:15:36 | __main__ | INFO |   > période 2023-09-01 -> 2023-09-30
2025-11-06 13:15:37 | __main__ | INFO |   > période 2023-10-01 -> 2023-10-31
2025-11-06 13:15:39 | __main__ | INFO |   > période 2023-11-01 -> 2023-11-30
2025-11-06 13:15:40 | __main__ | INFO |   > période 2023-12-01 -> 2023-12-31
2025-11-06 13:15:42 | __main__ | INFO |   > période 2024-01-01 -> 2024-01-31
2025-11-06 13:15:43 | __main__ | INFO |   > période 2024-02-01 -> 2024-02-29
2025-11-06 13:15:45 | __main__ | INFO |   > période 2024-03-01 -> 2024-03-31
2025-11-06 13:15:46 | __main__ | INFO |   > période 2024-04-01 -> 2024-04-30
2025-11-06 13:15:48 | __main__ | INFO |   > période 2024-05-01 -> 2024-05-31
2025-11-06 13:15:50 | __main__ | INFO |   > période 2024-06-01 -> 2024-06-30
2025-11-06 13:15:52 | __main__ | INFO |   > période 2024-07-01 -> 2024-07-31
2025-11-06 13:15:53 | __main__ | INFO |   > période 2024-08-01 -> 2024-08-31
2025-11-06 13:15:55 | __main__ | INFO |   > période 2024-09-01 -> 2024-09-30
2025-11-06 13:15:57 | __main__ | INFO |   > période 2024-10-01 -> 2024-10-31
2025-11-06 13:15:58 | __main__ | INFO |   > période 2024-11-01 -> 2024-11-30
2025-11-06 13:15:59 | __main__ | INFO |   > période 2024-12-01 -> 2024-12-31
2025-11-06 13:16:01 | __main__ | INFO |   > période 2025-01-01 -> 2025-01-31
2025-11-06 13:16:03 | __main__ | INFO |   > période 2025-02-01 -> 2025-02-28
2025-11-06 13:16:04 | __main__ | INFO |   > période 2025-03-01 -> 2025-03-31
2025-11-06 13:16:05 | __main__ | INFO |   > période 2025-04-01 -> 2025-04-30
2025-11-06 13:16:07 | __main__ | INFO |   > période 2025-05-01 -> 2025-05-31
2025-11-06 13:16:08 | __main__ | INFO |   > période 2025-06-01 -> 2025-06-30
2025-11-06 13:16:10 | __main__ | INFO |   > période 2025-07-01 -> 2025-07-31
2025-11-06 13:16:12 | __main__ | INFO |   > période 2025-08-01 -> 2025-08-31
2025-11-06 13:16:13 | __main__ | INFO |   > période 2025-09-01 -> 2025-09-30
2025-11-06 13:16:14 | __main__ | INFO |   > période 2025-10-01 -> 2025-10-31
2025-11-06 13:16:16 | __main__ | INFO |   > période 2025-11-01 -> 2025-11-06
2025-11-06 13:16:17 | __main__ | INFO | [CITY] Zagreb, Croatia
2025-11-06 13:16:17 | __main__ | INFO |   > période 2022-11-01 -> 2022-11-30
2025-11-06 13:16:19 | __main__ | INFO |   > période 2022-12-01 -> 2022-12-31
2025-11-06 13:16:20 | __main__ | INFO |   > période 2023-01-01 -> 2023-01-31
2025-11-06 13:16:21 | __main__ | INFO |   > période 2023-02-01 -> 2023-02-28
2025-11-06 13:16:22 | __main__ | INFO |   > période 2023-03-01 -> 2023-03-31
2025-11-06 13:16:24 | __main__ | INFO |   > période 2023-04-01 -> 2023-04-30
2025-11-06 13:16:25 | __main__ | INFO |   > période 2023-05-01 -> 2023-05-31
2025-11-06 13:16:27 | __main__ | INFO |   > période 2023-06-01 -> 2023-06-30
2025-11-06 13:16:28 | __main__ | INFO |   > période 2023-07-01 -> 2023-07-31
2025-11-06 13:16:30 | __main__ | INFO |   > période 2023-08-01 -> 2023-08-31
2025-11-06 13:16:31 | __main__ | INFO |   > période 2023-09-01 -> 2023-09-30
2025-11-06 13:16:32 | __main__ | INFO |   > période 2023-10-01 -> 2023-10-31
2025-11-06 13:16:33 | __main__ | INFO |   > période 2023-11-01 -> 2023-11-30
2025-11-06 13:16:35 | __main__ | INFO |   > période 2023-12-01 -> 2023-12-31
2025-11-06 13:16:36 | __main__ | INFO |   > période 2024-01-01 -> 2024-01-31
2025-11-06 13:16:38 | __main__ | INFO |   > période 2024-02-01 -> 2024-02-29
2025-11-06 13:16:39 | __main__ | INFO |   > période 2024-03-01 -> 2024-03-31
2025-11-06 13:16:42 | __main__ | INFO |   > période 2024-04-01 -> 2024-04-30
2025-11-06 13:16:43 | __main__ | INFO |   > période 2024-05-01 -> 2024-05-31
2025-11-06 13:16:45 | __main__ | INFO |   > période 2024-06-01 -> 2024-06-30
2025-11-06 13:16:47 | __main__ | INFO |   > période 2024-07-01 -> 2024-07-31
2025-11-06 13:16:49 | __main__ | INFO |   > période 2024-08-01 -> 2024-08-31
2025-11-06 13:16:50 | __main__ | INFO |   > période 2024-09-01 -> 2024-09-30
2025-11-06 13:16:51 | __main__ | INFO |   > période 2024-10-01 -> 2024-10-31
2025-11-06 13:16:53 | __main__ | INFO |   > période 2024-11-01 -> 2024-11-30
2025-11-06 13:16:54 | __main__ | INFO |   > période 2024-12-01 -> 2024-12-31
2025-11-06 13:16:56 | __main__ | INFO |   > période 2025-01-01 -> 2025-01-31
2025-11-06 13:16:57 | __main__ | INFO |   > période 2025-02-01 -> 2025-02-28
2025-11-06 13:16:59 | __main__ | INFO |   > période 2025-03-01 -> 2025-03-31
2025-11-06 13:17:01 | __main__ | INFO |   > période 2025-04-01 -> 2025-04-30
2025-11-06 13:17:03 | __main__ | INFO |   > période 2025-05-01 -> 2025-05-31
2025-11-06 13:17:04 | __main__ | INFO |   > période 2025-06-01 -> 2025-06-30
2025-11-06 13:17:06 | __main__ | INFO |   > période 2025-07-01 -> 2025-07-31
2025-11-06 13:17:08 | __main__ | INFO |   > période 2025-08-01 -> 2025-08-31
2025-11-06 13:17:09 | __main__ | INFO |   > période 2025-09-01 -> 2025-09-30
2025-11-06 13:17:11 | __main__ | INFO |   > période 2025-10-01 -> 2025-10-31
2025-11-06 13:17:12 | __main__ | INFO |   > période 2025-11-01 -> 2025-11-06
2025-11-06 13:17:14 | __main__ | INFO | [CITY] Belgrade, Serbia
2025-11-06 13:17:14 | __main__ | INFO |   > période 2022-11-01 -> 2022-11-30
2025-11-06 13:17:15 | __main__ | INFO |   > période 2022-12-01 -> 2022-12-31
2025-11-06 13:17:17 | __main__ | INFO |   > période 2023-01-01 -> 2023-01-31
2025-11-06 13:17:18 | __main__ | INFO |   > période 2023-02-01 -> 2023-02-28
2025-11-06 13:17:20 | __main__ | INFO |   > période 2023-03-01 -> 2023-03-31
2025-11-06 13:17:21 | __main__ | INFO |   > période 2023-04-01 -> 2023-04-30
2025-11-06 13:17:23 | __main__ | INFO |   > période 2023-05-01 -> 2023-05-31
2025-11-06 13:17:24 | __main__ | INFO |   > période 2023-06-01 -> 2023-06-30
2025-11-06 13:17:26 | __main__ | INFO |   > période 2023-07-01 -> 2023-07-31
2025-11-06 13:17:27 | __main__ | INFO |   > période 2023-08-01 -> 2023-08-31
2025-11-06 13:17:29 | __main__ | INFO |   > période 2023-09-01 -> 2023-09-30
2025-11-06 13:17:31 | __main__ | INFO |   > période 2023-10-01 -> 2023-10-31
2025-11-06 13:17:32 | __main__ | INFO |   > période 2023-11-01 -> 2023-11-30
2025-11-06 13:17:34 | __main__ | INFO |   > période 2023-12-01 -> 2023-12-31
2025-11-06 13:17:35 | __main__ | INFO |   > période 2024-01-01 -> 2024-01-31
2025-11-06 13:17:36 | __main__ | INFO |   > période 2024-02-01 -> 2024-02-29
2025-11-06 13:17:47 | __main__ | ERROR | Erreur Belgrade 2024-02-01 -> 2024-02-29: ('Connection aborted.', ConnectionResetError(10054, 'Une connexion existante a dû être fermée par l’hôte distant', None, 10054, None))
2025-11-06 13:17:47 | __main__ | INFO |   > période 2024-03-01 -> 2024-03-31
2025-11-06 13:17:49 | __main__ | INFO |   > période 2024-04-01 -> 2024-04-30
2025-11-06 13:17:50 | __main__ | INFO |   > période 2024-05-01 -> 2024-05-31
2025-11-06 13:17:52 | __main__ | INFO |   > période 2024-06-01 -> 2024-06-30
2025-11-06 13:17:54 | __main__ | INFO |   > période 2024-07-01 -> 2024-07-31
2025-11-06 13:17:55 | __main__ | INFO |   > période 2024-08-01 -> 2024-08-31
2025-11-06 13:17:56 | __main__ | INFO |   > période 2024-09-01 -> 2024-09-30
2025-11-06 13:17:58 | __main__ | INFO |   > période 2024-10-01 -> 2024-10-31
2025-11-06 13:18:00 | __main__ | INFO |   > période 2024-11-01 -> 2024-11-30
2025-11-06 13:18:02 | __main__ | INFO |   > période 2024-12-01 -> 2024-12-31
2025-11-06 13:18:03 | __main__ | INFO |   > période 2025-01-01 -> 2025-01-31
2025-11-06 13:18:06 | __main__ | INFO |   > période 2025-02-01 -> 2025-02-28
2025-11-06 13:18:07 | __main__ | INFO |   > période 2025-03-01 -> 2025-03-31
2025-11-06 13:18:08 | __main__ | INFO |   > période 2025-04-01 -> 2025-04-30
2025-11-06 13:18:10 | __main__ | INFO |   > période 2025-05-01 -> 2025-05-31
2025-11-06 13:18:11 | __main__ | INFO |   > période 2025-06-01 -> 2025-06-30
2025-11-06 13:18:12 | __main__ | INFO |   > période 2025-07-01 -> 2025-07-31
2025-11-06 13:18:14 | __main__ | INFO |   > période 2025-08-01 -> 2025-08-31
2025-11-06 13:18:16 | __main__ | INFO |   > période 2025-09-01 -> 2025-09-30
2025-11-06 13:18:18 | __main__ | INFO |   > période 2025-10-01 -> 2025-10-31
2025-11-06 13:18:20 | __main__ | INFO |   > période 2025-11-01 -> 2025-11-06
2025-11-06 13:18:22 | __main__ | INFO | [CITY] Bratislava, Slovakia
2025-11-06 13:18:22 | __main__ | INFO |   > période 2022-11-01 -> 2022-11-30
2025-11-06 13:18:23 | __main__ | INFO |   > période 2022-12-01 -> 2022-12-31
2025-11-06 13:18:25 | __main__ | INFO |   > période 2023-01-01 -> 2023-01-31
2025-11-06 13:18:27 | __main__ | INFO |   > période 2023-02-01 -> 2023-02-28
2025-11-06 13:18:29 | __main__ | INFO |   > période 2023-03-01 -> 2023-03-31
2025-11-06 13:18:30 | __main__ | INFO |   > période 2023-04-01 -> 2023-04-30
2025-11-06 13:18:32 | __main__ | INFO |   > période 2023-05-01 -> 2023-05-31
2025-11-06 13:18:34 | __main__ | INFO |   > période 2023-06-01 -> 2023-06-30
2025-11-06 13:18:35 | __main__ | INFO |   > période 2023-07-01 -> 2023-07-31
2025-11-06 13:18:37 | __main__ | INFO |   > période 2023-08-01 -> 2023-08-31
2025-11-06 13:18:38 | __main__ | INFO |   > période 2023-09-01 -> 2023-09-30
2025-11-06 13:18:39 | __main__ | INFO |   > période 2023-10-01 -> 2023-10-31
2025-11-06 13:18:41 | __main__ | INFO |   > période 2023-11-01 -> 2023-11-30
2025-11-06 13:18:43 | __main__ | INFO |   > période 2023-12-01 -> 2023-12-31
2025-11-06 13:18:44 | __main__ | INFO |   > période 2024-01-01 -> 2024-01-31
2025-11-06 13:18:46 | __main__ | INFO |   > période 2024-02-01 -> 2024-02-29
2025-11-06 13:18:48 | __main__ | INFO |   > période 2024-03-01 -> 2024-03-31
2025-11-06 13:18:50 | __main__ | INFO |   > période 2024-04-01 -> 2024-04-30
2025-11-06 13:18:51 | __main__ | INFO |   > période 2024-05-01 -> 2024-05-31
2025-11-06 13:18:53 | __main__ | INFO |   > période 2024-06-01 -> 2024-06-30
2025-11-06 13:18:55 | __main__ | INFO |   > période 2024-07-01 -> 2024-07-31
2025-11-06 13:18:56 | __main__ | INFO |   > période 2024-08-01 -> 2024-08-31
2025-11-06 13:18:58 | __main__ | INFO |   > période 2024-09-01 -> 2024-09-30
2025-11-06 13:19:00 | __main__ | INFO |   > période 2024-10-01 -> 2024-10-31
2025-11-06 13:19:01 | __main__ | INFO |   > période 2024-11-01 -> 2024-11-30
2025-11-06 13:19:03 | __main__ | INFO |   > période 2024-12-01 -> 2024-12-31
2025-11-06 13:19:05 | __main__ | INFO |   > période 2025-01-01 -> 2025-01-31
2025-11-06 13:19:06 | __main__ | INFO |   > période 2025-02-01 -> 2025-02-28
2025-11-06 13:19:08 | __main__ | INFO |   > période 2025-03-01 -> 2025-03-31
2025-11-06 13:19:10 | __main__ | INFO |   > période 2025-04-01 -> 2025-04-30
2025-11-06 13:19:12 | __main__ | INFO |   > période 2025-05-01 -> 2025-05-31
2025-11-06 13:19:14 | __main__ | INFO |   > période 2025-06-01 -> 2025-06-30
2025-11-06 13:19:15 | __main__ | INFO |   > période 2025-07-01 -> 2025-07-31
2025-11-06 13:19:17 | __main__ | INFO |   > période 2025-08-01 -> 2025-08-31
2025-11-06 13:19:19 | __main__ | INFO |   > période 2025-09-01 -> 2025-09-30
2025-11-06 13:19:21 | __main__ | INFO |   > période 2025-10-01 -> 2025-10-31
2025-11-06 13:19:22 | __main__ | INFO |   > période 2025-11-01 -> 2025-11-06
2025-11-06 13:19:24 | __main__ | INFO | [CITY] Ljubljana, Slovenia
2025-11-06 13:19:24 | __main__ | INFO |   > période 2022-11-01 -> 2022-11-30
2025-11-06 13:19:25 | __main__ | INFO |   > période 2022-12-01 -> 2022-12-31
2025-11-06 13:19:26 | __main__ | INFO |   > période 2023-01-01 -> 2023-01-31
2025-11-06 13:19:28 | __main__ | INFO |   > période 2023-02-01 -> 2023-02-28
2025-11-06 13:19:30 | __main__ | INFO |   > période 2023-03-01 -> 2023-03-31
2025-11-06 13:19:31 | __main__ | INFO |   > période 2023-04-01 -> 2023-04-30
2025-11-06 13:19:32 | __main__ | INFO |   > période 2023-05-01 -> 2023-05-31
2025-11-06 13:19:43 | __main__ | ERROR | Erreur Ljubljana 2023-05-01 -> 2023-05-31: ('Connection aborted.', ConnectionResetError(10054, 'Une connexion existante a dû être fermée par l’hôte distant', None, 10054, None))
2025-11-06 13:19:43 | __main__ | INFO |   > période 2023-06-01 -> 2023-06-30
2025-11-06 13:19:45 | __main__ | INFO |   > période 2023-07-01 -> 2023-07-31
2025-11-06 13:19:47 | __main__ | INFO |   > période 2023-08-01 -> 2023-08-31
2025-11-06 13:19:50 | __main__ | INFO |   > période 2023-09-01 -> 2023-09-30
2025-11-06 13:19:51 | __main__ | INFO |   > période 2023-10-01 -> 2023-10-31
2025-11-06 13:19:53 | __main__ | INFO |   > période 2023-11-01 -> 2023-11-30
2025-11-06 13:19:54 | __main__ | INFO |   > période 2023-12-01 -> 2023-12-31
2025-11-06 13:19:56 | __main__ | INFO |   > période 2024-01-01 -> 2024-01-31
2025-11-06 13:19:57 | __main__ | INFO |   > période 2024-02-01 -> 2024-02-29
2025-11-06 13:19:59 | __main__ | INFO |   > période 2024-03-01 -> 2024-03-31
2025-11-06 13:20:00 | __main__ | INFO |   > période 2024-04-01 -> 2024-04-30
2025-11-06 13:20:02 | __main__ | INFO |   > période 2024-05-01 -> 2024-05-31
2025-11-06 13:20:04 | __main__ | INFO |   > période 2024-06-01 -> 2024-06-30
2025-11-06 13:20:05 | __main__ | INFO |   > période 2024-07-01 -> 2024-07-31
2025-11-06 13:20:07 | __main__ | INFO |   > période 2024-08-01 -> 2024-08-31
2025-11-06 13:20:09 | __main__ | INFO |   > période 2024-09-01 -> 2024-09-30
2025-11-06 13:20:10 | __main__ | INFO |   > période 2024-10-01 -> 2024-10-31
2025-11-06 13:20:13 | __main__ | INFO |   > période 2024-11-01 -> 2024-11-30
2025-11-06 13:20:15 | __main__ | INFO |   > période 2024-12-01 -> 2024-12-31
2025-11-06 13:20:16 | __main__ | INFO |   > période 2025-01-01 -> 2025-01-31
2025-11-06 13:20:18 | __main__ | INFO |   > période 2025-02-01 -> 2025-02-28
2025-11-06 13:20:19 | __main__ | INFO |   > période 2025-03-01 -> 2025-03-31
2025-11-06 13:20:21 | __main__ | INFO |   > période 2025-04-01 -> 2025-04-30
2025-11-06 13:20:24 | __main__ | INFO |   > période 2025-05-01 -> 2025-05-31
2025-11-06 13:20:26 | __main__ | INFO |   > période 2025-06-01 -> 2025-06-30
2025-11-06 13:20:27 | __main__ | INFO |   > période 2025-07-01 -> 2025-07-31
2025-11-06 13:20:29 | __main__ | INFO |   > période 2025-08-01 -> 2025-08-31
2025-11-06 13:20:32 | __main__ | INFO |   > période 2025-09-01 -> 2025-09-30
2025-11-06 13:20:34 | __main__ | INFO |   > période 2025-10-01 -> 2025-10-31
2025-11-06 13:20:36 | __main__ | INFO |   > période 2025-11-01 -> 2025-11-06
2025-11-06 13:20:37 | __main__ | INFO | [CITY] Luxembourg, Luxembourg
2025-11-06 13:20:37 | __main__ | INFO |   > période 2022-11-01 -> 2022-11-30
2025-11-06 13:20:39 | __main__ | INFO |   > période 2022-12-01 -> 2022-12-31
2025-11-06 13:20:40 | __main__ | INFO |   > période 2023-01-01 -> 2023-01-31
2025-11-06 13:20:41 | __main__ | INFO |   > période 2023-02-01 -> 2023-02-28
2025-11-06 13:20:43 | __main__ | INFO |   > période 2023-03-01 -> 2023-03-31
2025-11-06 13:20:45 | __main__ | INFO |   > période 2023-04-01 -> 2023-04-30
2025-11-06 13:20:47 | __main__ | INFO |   > période 2023-05-01 -> 2023-05-31
2025-11-06 13:20:50 | __main__ | INFO |   > période 2023-06-01 -> 2023-06-30
2025-11-06 13:20:51 | __main__ | INFO |   > période 2023-07-01 -> 2023-07-31
2025-11-06 13:20:52 | __main__ | INFO |   > période 2023-08-01 -> 2023-08-31
2025-11-06 13:20:53 | __main__ | INFO |   > période 2023-09-01 -> 2023-09-30
2025-11-06 13:20:55 | __main__ | INFO |   > période 2023-10-01 -> 2023-10-31
2025-11-06 13:20:57 | __main__ | INFO |   > période 2023-11-01 -> 2023-11-30
2025-11-06 13:20:58 | __main__ | INFO |   > période 2023-12-01 -> 2023-12-31
2025-11-06 13:21:00 | __main__ | INFO |   > période 2024-01-01 -> 2024-01-31
2025-11-06 13:21:02 | __main__ | INFO |   > période 2024-02-01 -> 2024-02-29
2025-11-06 13:21:04 | __main__ | INFO |   > période 2024-03-01 -> 2024-03-31
2025-11-06 13:21:05 | __main__ | INFO |   > période 2024-04-01 -> 2024-04-30
2025-11-06 13:21:07 | __main__ | INFO |   > période 2024-05-01 -> 2024-05-31
2025-11-06 13:21:09 | __main__ | INFO |   > période 2024-06-01 -> 2024-06-30
2025-11-06 13:21:10 | __main__ | INFO |   > période 2024-07-01 -> 2024-07-31
2025-11-06 13:21:11 | __main__ | INFO |   > période 2024-08-01 -> 2024-08-31
2025-11-06 13:21:13 | __main__ | INFO |   > période 2024-09-01 -> 2024-09-30
2025-11-06 13:21:15 | __main__ | INFO |   > période 2024-10-01 -> 2024-10-31
2025-11-06 13:21:16 | __main__ | INFO |   > période 2024-11-01 -> 2024-11-30
2025-11-06 13:21:18 | __main__ | INFO |   > période 2024-12-01 -> 2024-12-31
2025-11-06 13:21:19 | __main__ | INFO |   > période 2025-01-01 -> 2025-01-31
2025-11-06 13:21:21 | __main__ | INFO |   > période 2025-02-01 -> 2025-02-28
2025-11-06 13:21:23 | __main__ | INFO |   > période 2025-03-01 -> 2025-03-31
2025-11-06 13:21:25 | __main__ | INFO |   > période 2025-04-01 -> 2025-04-30
2025-11-06 13:21:27 | __main__ | INFO |   > période 2025-05-01 -> 2025-05-31
2025-11-06 13:21:29 | __main__ | INFO |   > période 2025-06-01 -> 2025-06-30
2025-11-06 13:21:30 | __main__ | INFO |   > période 2025-07-01 -> 2025-07-31
2025-11-06 13:21:32 | __main__ | INFO |   > période 2025-08-01 -> 2025-08-31
2025-11-06 13:21:35 | __main__ | INFO |   > période 2025-09-01 -> 2025-09-30
2025-11-06 13:21:37 | __main__ | INFO |   > période 2025-10-01 -> 2025-10-31
2025-11-06 13:21:39 | __main__ | INFO |   > période 2025-11-01 -> 2025-11-06
2025-11-06 13:21:40 | __main__ | INFO | [CITY] Reykjavik, Iceland
2025-11-06 13:21:40 | __main__ | INFO |   > période 2022-11-01 -> 2022-11-30
2025-11-06 13:21:41 | __main__ | INFO |   > période 2022-12-01 -> 2022-12-31
2025-11-06 13:21:43 | __main__ | INFO |   > période 2023-01-01 -> 2023-01-31
2025-11-06 13:21:45 | __main__ | INFO |   > période 2023-02-01 -> 2023-02-28
2025-11-06 13:21:46 | __main__ | INFO |   > période 2023-03-01 -> 2023-03-31
2025-11-06 13:21:48 | __main__ | INFO |   > période 2023-04-01 -> 2023-04-30
2025-11-06 13:21:49 | __main__ | INFO |   > période 2023-05-01 -> 2023-05-31
2025-11-06 13:21:50 | __main__ | INFO |   > période 2023-06-01 -> 2023-06-30
2025-11-06 13:21:51 | __main__ | INFO |   > période 2023-07-01 -> 2023-07-31
2025-11-06 13:21:53 | __main__ | INFO |   > période 2023-08-01 -> 2023-08-31
2025-11-06 13:21:54 | __main__ | INFO |   > période 2023-09-01 -> 2023-09-30
2025-11-06 13:21:56 | __main__ | INFO |   > période 2023-10-01 -> 2023-10-31
2025-11-06 13:21:58 | __main__ | INFO |   > période 2023-11-01 -> 2023-11-30
2025-11-06 13:22:00 | __main__ | INFO |   > période 2023-12-01 -> 2023-12-31
2025-11-06 13:22:01 | __main__ | INFO |   > période 2024-01-01 -> 2024-01-31
2025-11-06 13:22:02 | __main__ | INFO |   > période 2024-02-01 -> 2024-02-29
2025-11-06 13:22:04 | __main__ | INFO |   > période 2024-03-01 -> 2024-03-31
2025-11-06 13:22:06 | __main__ | INFO |   > période 2024-04-01 -> 2024-04-30
2025-11-06 13:22:07 | __main__ | INFO |   > période 2024-05-01 -> 2024-05-31
2025-11-06 13:22:09 | __main__ | INFO |   > période 2024-06-01 -> 2024-06-30
2025-11-06 13:22:11 | __main__ | INFO |   > période 2024-07-01 -> 2024-07-31
2025-11-06 13:22:12 | __main__ | INFO |   > période 2024-08-01 -> 2024-08-31
2025-11-06 13:22:13 | __main__ | INFO |   > période 2024-09-01 -> 2024-09-30
2025-11-06 13:22:14 | __main__ | INFO |   > période 2024-10-01 -> 2024-10-31
2025-11-06 13:22:25 | __main__ | ERROR | Erreur Reykjavik 2024-10-01 -> 2024-10-31: ('Connection aborted.', ConnectionResetError(10054, 'Une connexion existante a dû être fermée par l’hôte distant', None, 10054, None))
2025-11-06 13:22:25 | __main__ | INFO |   > période 2024-11-01 -> 2024-11-30
2025-11-06 13:22:26 | __main__ | INFO |   > période 2024-12-01 -> 2024-12-31
2025-11-06 13:22:27 | __main__ | INFO |   > période 2025-01-01 -> 2025-01-31
2025-11-06 13:22:29 | __main__ | INFO |   > période 2025-02-01 -> 2025-02-28
2025-11-06 13:22:30 | __main__ | INFO |   > période 2025-03-01 -> 2025-03-31
2025-11-06 13:22:32 | __main__ | INFO |   > période 2025-04-01 -> 2025-04-30
2025-11-06 13:22:34 | __main__ | INFO |   > période 2025-05-01 -> 2025-05-31
2025-11-06 13:22:35 | __main__ | INFO |   > période 2025-06-01 -> 2025-06-30
2025-11-06 13:22:37 | __main__ | INFO |   > période 2025-07-01 -> 2025-07-31
2025-11-06 13:22:38 | __main__ | INFO |   > période 2025-08-01 -> 2025-08-31
2025-11-06 13:22:40 | __main__ | INFO |   > période 2025-09-01 -> 2025-09-30
2025-11-06 13:22:41 | __main__ | INFO |   > période 2025-10-01 -> 2025-10-31
2025-11-06 13:22:44 | __main__ | INFO |   > période 2025-11-01 -> 2025-11-06
2025-11-06 13:22:45 | __main__ | INFO | [CITY] Tallinn, Estonia
2025-11-06 13:22:45 | __main__ | INFO |   > période 2022-11-01 -> 2022-11-30
2025-11-06 13:22:46 | __main__ | INFO |   > période 2022-12-01 -> 2022-12-31
2025-11-06 13:22:48 | __main__ | INFO |   > période 2023-01-01 -> 2023-01-31
2025-11-06 13:22:49 | __main__ | INFO |   > période 2023-02-01 -> 2023-02-28
2025-11-06 13:22:51 | __main__ | INFO |   > période 2023-03-01 -> 2023-03-31
2025-11-06 13:22:52 | __main__ | INFO |   > période 2023-04-01 -> 2023-04-30
2025-11-06 13:22:53 | __main__ | INFO |   > période 2023-05-01 -> 2023-05-31
2025-11-06 13:22:56 | __main__ | INFO |   > période 2023-06-01 -> 2023-06-30
2025-11-06 13:22:57 | __main__ | INFO |   > période 2023-07-01 -> 2023-07-31
2025-11-06 13:22:59 | __main__ | INFO |   > période 2023-08-01 -> 2023-08-31
2025-11-06 13:23:01 | __main__ | INFO |   > période 2023-09-01 -> 2023-09-30
2025-11-06 13:23:02 | __main__ | INFO |   > période 2023-10-01 -> 2023-10-31
2025-11-06 13:23:03 | __main__ | INFO |   > période 2023-11-01 -> 2023-11-30
2025-11-06 13:23:05 | __main__ | INFO |   > période 2023-12-01 -> 2023-12-31
2025-11-06 13:23:07 | __main__ | INFO |   > période 2024-01-01 -> 2024-01-31
2025-11-06 13:23:08 | __main__ | INFO |   > période 2024-02-01 -> 2024-02-29
2025-11-06 13:23:09 | __main__ | INFO |   > période 2024-03-01 -> 2024-03-31
2025-11-06 13:23:11 | __main__ | INFO |   > période 2024-04-01 -> 2024-04-30
2025-11-06 13:23:12 | __main__ | INFO |   > période 2024-05-01 -> 2024-05-31
2025-11-06 13:23:13 | __main__ | INFO |   > période 2024-06-01 -> 2024-06-30
2025-11-06 13:23:15 | __main__ | INFO |   > période 2024-07-01 -> 2024-07-31
2025-11-06 13:23:17 | __main__ | INFO |   > période 2024-08-01 -> 2024-08-31
2025-11-06 13:23:18 | __main__ | INFO |   > période 2024-09-01 -> 2024-09-30
2025-11-06 13:23:19 | __main__ | INFO |   > période 2024-10-01 -> 2024-10-31
2025-11-06 13:23:20 | __main__ | INFO |   > période 2024-11-01 -> 2024-11-30
2025-11-06 13:23:22 | __main__ | INFO |   > période 2024-12-01 -> 2024-12-31
2025-11-06 13:23:24 | __main__ | INFO |   > période 2025-01-01 -> 2025-01-31
2025-11-06 13:23:26 | __main__ | INFO |   > période 2025-02-01 -> 2025-02-28
2025-11-06 13:23:27 | __main__ | INFO |   > période 2025-03-01 -> 2025-03-31
2025-11-06 13:23:29 | __main__ | INFO |   > période 2025-04-01 -> 2025-04-30
2025-11-06 13:23:30 | __main__ | INFO |   > période 2025-05-01 -> 2025-05-31
2025-11-06 13:23:32 | __main__ | INFO |   > période 2025-06-01 -> 2025-06-30
2025-11-06 13:23:33 | __main__ | INFO |   > période 2025-07-01 -> 2025-07-31
2025-11-06 13:23:34 | __main__ | INFO |   > période 2025-08-01 -> 2025-08-31
2025-11-06 13:23:36 | __main__ | INFO |   > période 2025-09-01 -> 2025-09-30
2025-11-06 13:23:37 | __main__ | INFO |   > période 2025-10-01 -> 2025-10-31
2025-11-06 13:23:39 | __main__ | INFO |   > période 2025-11-01 -> 2025-11-06
2025-11-06 13:23:41 | __main__ | INFO | [CITY] Riga, Latvia
2025-11-06 13:23:41 | __main__ | INFO |   > période 2022-11-01 -> 2022-11-30
2025-11-06 13:23:42 | __main__ | INFO |   > période 2022-12-01 -> 2022-12-31
2025-11-06 13:23:44 | __main__ | INFO |   > période 2023-01-01 -> 2023-01-31
2025-11-06 13:23:45 | __main__ | INFO |   > période 2023-02-01 -> 2023-02-28
2025-11-06 13:23:46 | __main__ | INFO |   > période 2023-03-01 -> 2023-03-31
2025-11-06 13:23:48 | __main__ | INFO |   > période 2023-04-01 -> 2023-04-30
2025-11-06 13:23:49 | __main__ | INFO |   > période 2023-05-01 -> 2023-05-31
2025-11-06 13:23:51 | __main__ | INFO |   > période 2023-06-01 -> 2023-06-30
2025-11-06 13:23:52 | __main__ | INFO |   > période 2023-07-01 -> 2023-07-31
2025-11-06 13:23:53 | __main__ | INFO |   > période 2023-08-01 -> 2023-08-31
2025-11-06 13:23:55 | __main__ | INFO |   > période 2023-09-01 -> 2023-09-30
2025-11-06 13:23:56 | __main__ | INFO |   > période 2023-10-01 -> 2023-10-31
2025-11-06 13:23:57 | __main__ | INFO |   > période 2023-11-01 -> 2023-11-30
2025-11-06 13:23:59 | __main__ | INFO |   > période 2023-12-01 -> 2023-12-31
2025-11-06 13:24:01 | __main__ | INFO |   > période 2024-01-01 -> 2024-01-31
2025-11-06 13:24:04 | __main__ | INFO |   > période 2024-02-01 -> 2024-02-29
2025-11-06 13:24:06 | __main__ | INFO |   > période 2024-03-01 -> 2024-03-31
2025-11-06 13:24:08 | __main__ | INFO |   > période 2024-04-01 -> 2024-04-30
2025-11-06 13:24:10 | __main__ | INFO |   > période 2024-05-01 -> 2024-05-31
2025-11-06 13:24:12 | __main__ | INFO |   > période 2024-06-01 -> 2024-06-30
2025-11-06 13:24:15 | __main__ | INFO |   > période 2024-07-01 -> 2024-07-31
2025-11-06 13:24:16 | __main__ | INFO |   > période 2024-08-01 -> 2024-08-31
2025-11-06 13:24:18 | __main__ | INFO |   > période 2024-09-01 -> 2024-09-30
2025-11-06 13:24:20 | __main__ | INFO |   > période 2024-10-01 -> 2024-10-31
2025-11-06 13:24:22 | __main__ | INFO |   > période 2024-11-01 -> 2024-11-30
2025-11-06 13:24:23 | __main__ | INFO |   > période 2024-12-01 -> 2024-12-31
2025-11-06 13:24:26 | __main__ | INFO |   > période 2025-01-01 -> 2025-01-31
2025-11-06 13:24:28 | __main__ | INFO |   > période 2025-02-01 -> 2025-02-28
2025-11-06 13:24:30 | __main__ | INFO |   > période 2025-03-01 -> 2025-03-31
2025-11-06 13:24:32 | __main__ | INFO |   > période 2025-04-01 -> 2025-04-30
2025-11-06 13:24:33 | __main__ | INFO |   > période 2025-05-01 -> 2025-05-31
2025-11-06 13:24:35 | __main__ | INFO |   > période 2025-06-01 -> 2025-06-30
2025-11-06 13:24:37 | __main__ | INFO |   > période 2025-07-01 -> 2025-07-31
2025-11-06 13:24:39 | __main__ | INFO |   > période 2025-08-01 -> 2025-08-31
2025-11-06 13:24:41 | __main__ | INFO |   > période 2025-09-01 -> 2025-09-30
2025-11-06 13:24:42 | __main__ | INFO |   > période 2025-10-01 -> 2025-10-31
2025-11-06 13:24:44 | __main__ | INFO |   > période 2025-11-01 -> 2025-11-06
2025-11-06 13:24:46 | __main__ | INFO | [CITY] Vilnius, Lithuania
2025-11-06 13:24:46 | __main__ | INFO |   > période 2022-11-01 -> 2022-11-30
2025-11-06 13:24:47 | __main__ | INFO |   > période 2022-12-01 -> 2022-12-31
2025-11-06 13:24:48 | __main__ | INFO |   > période 2023-01-01 -> 2023-01-31
2025-11-06 13:24:50 | __main__ | INFO |   > période 2023-02-01 -> 2023-02-28
2025-11-06 13:24:52 | __main__ | INFO |   > période 2023-03-01 -> 2023-03-31
2025-11-06 13:24:53 | __main__ | INFO |   > période 2023-04-01 -> 2023-04-30
2025-11-06 13:24:56 | __main__ | INFO |   > période 2023-05-01 -> 2023-05-31
2025-11-06 13:24:57 | __main__ | INFO |   > période 2023-06-01 -> 2023-06-30
2025-11-06 13:24:59 | __main__ | INFO |   > période 2023-07-01 -> 2023-07-31
2025-11-06 13:25:01 | __main__ | INFO |   > période 2023-08-01 -> 2023-08-31
2025-11-06 13:25:03 | __main__ | INFO |   > période 2023-09-01 -> 2023-09-30
2025-11-06 13:25:04 | __main__ | INFO |   > période 2023-10-01 -> 2023-10-31
2025-11-06 13:25:06 | __main__ | INFO |   > période 2023-11-01 -> 2023-11-30
2025-11-06 13:25:07 | __main__ | INFO |   > période 2023-12-01 -> 2023-12-31
2025-11-06 13:25:09 | __main__ | INFO |   > période 2024-01-01 -> 2024-01-31
2025-11-06 13:25:10 | __main__ | INFO |   > période 2024-02-01 -> 2024-02-29
2025-11-06 13:25:12 | __main__ | INFO |   > période 2024-03-01 -> 2024-03-31
2025-11-06 13:25:14 | __main__ | INFO |   > période 2024-04-01 -> 2024-04-30
2025-11-06 13:25:15 | __main__ | INFO |   > période 2024-05-01 -> 2024-05-31
2025-11-06 13:25:17 | __main__ | INFO |   > période 2024-06-01 -> 2024-06-30
2025-11-06 13:25:19 | __main__ | INFO |   > période 2024-07-01 -> 2024-07-31
2025-11-06 13:25:20 | __main__ | INFO |   > période 2024-08-01 -> 2024-08-31
2025-11-06 13:25:22 | __main__ | INFO |   > période 2024-09-01 -> 2024-09-30
2025-11-06 13:25:24 | __main__ | INFO |   > période 2024-10-01 -> 2024-10-31
2025-11-06 13:25:26 | __main__ | INFO |   > période 2024-11-01 -> 2024-11-30
2025-11-06 13:25:28 | __main__ | INFO |   > période 2024-12-01 -> 2024-12-31
2025-11-06 13:25:29 | __main__ | INFO |   > période 2025-01-01 -> 2025-01-31
2025-11-06 13:25:31 | __main__ | INFO |   > période 2025-02-01 -> 2025-02-28
2025-11-06 13:25:33 | __main__ | INFO |   > période 2025-03-01 -> 2025-03-31
2025-11-06 13:25:36 | __main__ | INFO |   > période 2025-04-01 -> 2025-04-30
2025-11-06 13:25:38 | __main__ | INFO |   > période 2025-05-01 -> 2025-05-31
2025-11-06 13:25:40 | __main__ | INFO |   > période 2025-06-01 -> 2025-06-30
2025-11-06 13:25:42 | __main__ | INFO |   > période 2025-07-01 -> 2025-07-31
2025-11-06 13:25:45 | __main__ | INFO |   > période 2025-08-01 -> 2025-08-31
2025-11-06 13:25:47 | __main__ | INFO |   > période 2025-09-01 -> 2025-09-30
2025-11-06 13:25:49 | __main__ | INFO |   > période 2025-10-01 -> 2025-10-31
2025-11-06 13:25:51 | __main__ | INFO |   > période 2025-11-01 -> 2025-11-06
2025-11-06 13:25:53 | __main__ | INFO | [CITY] Valletta, Malta
2025-11-06 13:25:53 | __main__ | INFO |   > période 2022-11-01 -> 2022-11-30
2025-11-06 13:25:56 | __main__ | INFO |   > période 2022-12-01 -> 2022-12-31
2025-11-06 13:25:58 | __main__ | INFO |   > période 2023-01-01 -> 2023-01-31
2025-11-06 13:26:00 | __main__ | INFO |   > période 2023-02-01 -> 2023-02-28
2025-11-06 13:26:02 | __main__ | INFO |   > période 2023-03-01 -> 2023-03-31
2025-11-06 13:26:04 | __main__ | INFO |   > période 2023-04-01 -> 2023-04-30
2025-11-06 13:26:07 | __main__ | INFO |   > période 2023-05-01 -> 2023-05-31
2025-11-06 13:26:09 | __main__ | INFO |   > période 2023-06-01 -> 2023-06-30
2025-11-06 13:26:11 | __main__ | INFO |   > période 2023-07-01 -> 2023-07-31
2025-11-06 13:26:13 | __main__ | INFO |   > période 2023-08-01 -> 2023-08-31
2025-11-06 13:26:17 | __main__ | INFO |   > période 2023-09-01 -> 2023-09-30
2025-11-06 13:26:19 | __main__ | INFO |   > période 2023-10-01 -> 2023-10-31
2025-11-06 13:26:21 | __main__ | INFO |   > période 2023-11-01 -> 2023-11-30
2025-11-06 13:26:23 | __main__ | INFO |   > période 2023-12-01 -> 2023-12-31
2025-11-06 13:26:26 | __main__ | INFO |   > période 2024-01-01 -> 2024-01-31
2025-11-06 13:26:28 | __main__ | INFO |   > période 2024-02-01 -> 2024-02-29
2025-11-06 13:26:30 | __main__ | INFO |   > période 2024-03-01 -> 2024-03-31
2025-11-06 13:26:33 | __main__ | INFO |   > période 2024-04-01 -> 2024-04-30
2025-11-06 13:26:35 | __main__ | INFO |   > période 2024-05-01 -> 2024-05-31
2025-11-06 13:26:38 | __main__ | INFO |   > période 2024-06-01 -> 2024-06-30
2025-11-06 13:26:40 | __main__ | INFO |   > période 2024-07-01 -> 2024-07-31
2025-11-06 13:26:42 | __main__ | INFO |   > période 2024-08-01 -> 2024-08-31
2025-11-06 13:26:44 | __main__ | INFO |   > période 2024-09-01 -> 2024-09-30
2025-11-06 13:26:46 | __main__ | INFO |   > période 2024-10-01 -> 2024-10-31
2025-11-06 13:26:48 | __main__ | INFO |   > période 2024-11-01 -> 2024-11-30
2025-11-06 13:26:50 | __main__ | INFO |   > période 2024-12-01 -> 2024-12-31
2025-11-06 13:26:52 | __main__ | INFO |   > période 2025-01-01 -> 2025-01-31
2025-11-06 13:26:54 | __main__ | INFO |   > période 2025-02-01 -> 2025-02-28
2025-11-06 13:26:56 | __main__ | INFO |   > période 2025-03-01 -> 2025-03-31
2025-11-06 13:26:58 | __main__ | INFO |   > période 2025-04-01 -> 2025-04-30
2025-11-06 13:27:00 | __main__ | INFO |   > période 2025-05-01 -> 2025-05-31
2025-11-06 13:27:02 | __main__ | INFO |   > période 2025-06-01 -> 2025-06-30
2025-11-06 13:27:04 | __main__ | INFO |   > période 2025-07-01 -> 2025-07-31
2025-11-06 13:27:06 | __main__ | INFO |   > période 2025-08-01 -> 2025-08-31
2025-11-06 13:27:08 | __main__ | INFO |   > période 2025-09-01 -> 2025-09-30
2025-11-06 13:27:11 | __main__ | INFO |   > période 2025-10-01 -> 2025-10-31
2025-11-06 13:27:13 | __main__ | INFO |   > période 2025-11-01 -> 2025-11-06
2025-11-06 13:27:15 | __main__ | INFO | [CITY] Nicosia, Cyprus
2025-11-06 13:27:15 | __main__ | INFO |   > période 2022-11-01 -> 2022-11-30
2025-11-06 13:27:18 | __main__ | INFO |   > période 2022-12-01 -> 2022-12-31
2025-11-06 13:27:20 | __main__ | INFO |   > période 2023-01-01 -> 2023-01-31
2025-11-06 13:27:22 | __main__ | INFO |   > période 2023-02-01 -> 2023-02-28
2025-11-06 13:27:23 | __main__ | INFO |   > période 2023-03-01 -> 2023-03-31
2025-11-06 13:27:25 | __main__ | INFO |   > période 2023-04-01 -> 2023-04-30
2025-11-06 13:27:28 | __main__ | INFO |   > période 2023-05-01 -> 2023-05-31
2025-11-06 13:27:31 | __main__ | INFO |   > période 2023-06-01 -> 2023-06-30
2025-11-06 13:27:34 | __main__ | INFO |   > période 2023-07-01 -> 2023-07-31
2025-11-06 13:27:36 | __main__ | INFO |   > période 2023-08-01 -> 2023-08-31
2025-11-06 13:27:38 | __main__ | INFO |   > période 2023-09-01 -> 2023-09-30
2025-11-06 13:27:40 | __main__ | INFO |   > période 2023-10-01 -> 2023-10-31
2025-11-06 13:27:42 | __main__ | INFO |   > période 2023-11-01 -> 2023-11-30
2025-11-06 13:27:44 | __main__ | INFO |   > période 2023-12-01 -> 2023-12-31
2025-11-06 13:27:46 | __main__ | INFO |   > période 2024-01-01 -> 2024-01-31
2025-11-06 13:27:48 | __main__ | INFO |   > période 2024-02-01 -> 2024-02-29
2025-11-06 13:27:52 | __main__ | INFO |   > période 2024-03-01 -> 2024-03-31
2025-11-06 13:27:54 | __main__ | INFO |   > période 2024-04-01 -> 2024-04-30
2025-11-06 13:27:56 | __main__ | INFO |   > période 2024-05-01 -> 2024-05-31
2025-11-06 13:27:58 | __main__ | INFO |   > période 2024-06-01 -> 2024-06-30
2025-11-06 13:28:00 | __main__ | INFO |   > période 2024-07-01 -> 2024-07-31
2025-11-06 13:28:03 | __main__ | INFO |   > période 2024-08-01 -> 2024-08-31
2025-11-06 13:28:05 | __main__ | INFO |   > période 2024-09-01 -> 2024-09-30
2025-11-06 13:28:08 | __main__ | INFO |   > période 2024-10-01 -> 2024-10-31
2025-11-06 13:28:10 | __main__ | INFO |   > période 2024-11-01 -> 2024-11-30
2025-11-06 13:28:12 | __main__ | INFO |   > période 2024-12-01 -> 2024-12-31
2025-11-06 13:28:15 | __main__ | INFO |   > période 2025-01-01 -> 2025-01-31
2025-11-06 13:28:17 | __main__ | INFO |   > période 2025-02-01 -> 2025-02-28
2025-11-06 13:28:19 | __main__ | INFO |   > période 2025-03-01 -> 2025-03-31
2025-11-06 13:28:21 | __main__ | INFO |   > période 2025-04-01 -> 2025-04-30
2025-11-06 13:28:23 | __main__ | INFO |   > période 2025-05-01 -> 2025-05-31
2025-11-06 13:28:25 | __main__ | INFO |   > période 2025-06-01 -> 2025-06-30
2025-11-06 13:28:27 | __main__ | INFO |   > période 2025-07-01 -> 2025-07-31
2025-11-06 13:28:30 | __main__ | INFO |   > période 2025-08-01 -> 2025-08-31
2025-11-06 13:28:32 | __main__ | INFO |   > période 2025-09-01 -> 2025-09-30
2025-11-06 13:28:34 | __main__ | INFO |   > période 2025-10-01 -> 2025-10-31
2025-11-06 13:28:36 | __main__ | INFO |   > période 2025-11-01 -> 2025-11-06
2025-11-06 13:28:47 | __main__ | INFO | Fichier 3 ans sauvegardé : C:\Users\afoud\OneDrive\Documents\DIA3\ETL&Pipelines\data\raw\open_meteo_europe_weather_pollution_3years_20251106T122839Z.csv
